,Energy RMSE,Force RMSE,Loss
2,745.4780498888648,535.2815337546515,0.0006113019189797
3,90.57923354238612,137.91305571788814,0.0006070606759749
4,86.12523041444884,127.56949538808897,0.0006179274059832
5,88.70601920362074,84.43859553707546,0.0005368543206714
6,77.16388823849167,138.44013769454702,0.0005750856362283
7,81.43882721691784,79.3829963245676,0.000503308023326
8,74.62528319822323,145.92406229342305,0.0006222085212357
9,112.87102485892537,134.34809617427734,0.0005189794464968
10,74.00221160541575,126.1552940974048,0.0005127457552589
11,75.61917728385022,98.999907850569,0.0005114948144182
12,73.95816267292291,127.8087917711834,0.0005353860906325
13,76.09189682793458,103.46472548349664,0.0005374075844883
14,75.21674087633072,92.87222142541307,0.0005163715104572
15,79.34600095442883,80.03653992663251,0.0005571561632677
16,79.82788285446964,66.10645195806659,0.0005250053363852
17,78.61050955704393,87.42760802905215,0.0005228148656897
18,72.94769502420816,93.59955639244036,0.0005946294986642
19,72.62696566088799,93.90508178830366,0.0006399002159014
20,80.6578588027015,52.684987517595765,0.0006379527621902
21,80.05502696780454,77.22047506336675,0.0006438167765736
22,77.88840721627922,64.79919930704025,0.0007173819467425
23,80.27649418789576,45.091967046042924,0.0006979419267736
24,79.1782138799991,46.58089733829495,0.000681516714394
25,73.94470388702982,110.03794864302068,0.0007314173853956
26,76.24051515132433,68.8802366057386,0.0008119978010654
27,75.50568201647994,97.0406340808219,0.0007167214062064
28,81.14704974665248,94.96569420286404,0.0007664001313969
29,80.98871063801569,65.27767529096369,0.0007484103552997
30,91.2760805076074,82.21973223755384,0.0008405630942434
31,80.08011567135603,107.30510552517852,0.0008232263498939
32,77.13240538107291,105.91003378746642,0.0008226715726777
33,77.79139092755327,64.97258154563194,0.0007833167910575
34,75.73760460644297,92.23577284563544,0.0007404827629216
35,77.49467492630062,55.98523346152193,0.0007773273391649
36,81.57963855149484,131.13125515714253,0.0006876034312881
37,75.82918892599,117.20779340990092,0.0007215588120743
38,85.87654799019734,38.47217556863528,0.0006064454792067
39,82.6022866880696,36.24301852703307,0.0007016173913143
40,82.23003803925766,59.266929985330655,0.0006671508890576
41,76.91004345175983,57.31564013290858,0.0006478705327026
42,78.35458424560565,41.36624623492523,0.000644008803647
43,73.21911006831289,119.53086720059991,0.0006485717603936
44,73.93899916293027,100.41997059132062,0.0006172256544232
45,78.3169811527519,41.278677829246654,0.0006418076809495
46,77.24849580928927,60.61660493836239,0.0006050275987945
47,79.57268472395748,69.07952889544767,0.0006367698661051
48,72.93397714841936,118.2266828925887,0.0006093935808166
49,71.69482236892254,121.3491871925546,0.0007626728038303
50,75.4952884097092,59.32578388710246,0.0006191310822032
51,76.61950567774812,39.82822118772353,0.0005622566677629
52,77.06907332092004,70.73206864158146,0.0005110544152557
53,76.28219830639983,38.765293474124846,0.0005428833537735
54,69.49624889687603,127.90196068525964,0.0005335238529369
55,73.37915141175168,94.49850146108352,0.0005538162076845
56,75.33503012129525,39.93781197874217,0.0005516984383575
57,74.49000142398975,114.743471986988,0.0005468747694976
58,78.20320201160236,61.10792943037569,0.000549423333723
59,77.57059054116635,41.827835172161016,0.0005634609842672
60,72.13695818590128,67.36677680561351,0.0005847031716257
61,74.90194591031607,56.94172264769121,0.0005638158181682
62,69.19239767598734,116.27924770969408,0.000554931059014
63,75.52572261803573,43.224020082319846,0.0005581378936767
64,75.62125406260287,61.99574221932176,0.0005106511525809
65,75.30129118670388,40.596261870155374,0.0005010536988265
66,70.00040172939687,92.03953255515714,0.000546695664525
67,76.20058155671053,68.704543255104,0.0005761700449511
68,72.91664521451213,107.25928223369458,0.000615470984485
69,73.93439681096041,83.05258408192033,0.0005999872810207
70,76.0788079885826,55.08598289772967,0.0005810792208649
71,76.93320159700568,40.352065718226456,0.0005983433802612
72,71.20805771000157,62.8505976003312,0.0005919297109358
73,75.21297894315718,40.87947782800801,0.0006014235550537
74,70.22998093571206,67.91328496237249,0.0006033906829543
75,75.39082293451554,50.76288866319804,0.0005611787200905
76,70.4594837230654,75.85833170360041,0.0006124770152382
77,75.59796259005564,47.08202834978929,0.0006090709939599
78,70.76018981658618,52.56906100910312,0.0005701046902686
79,72.6672637862418,44.37395972850894,0.0005726109375245
80,71.18894042194313,66.43632360814847,0.000524993170984
81,75.07642976725059,77.50543029554466,0.0005069098551757
82,67.7467874185918,118.38678156973909,0.0005045140278525
83,78.7753725929617,38.93827049209799,0.0005235928692854
84,79.60452461886614,62.29625953115228,0.0005651835235767
85,69.71277049068054,129.33597897220022,0.0005581640871241
86,72.74194993586626,114.45311212908918,0.0005813174066133
87,70.98089721123655,94.55588485226264,0.0005873658228665
88,73.56142338243889,74.57144868384732,0.0005579814896918
89,74.7822241695682,43.52616924444993,0.000577054452151
90,66.94238396248336,90.19623519887485,0.0005953169311396
91,68.64563546938666,76.12846016297866,0.0005411287420429
92,70.70692279553343,58.98060721544972,0.0005451495526358
93,73.47160174949434,48.28103851761058,0.000547464878764
94,74.65651900114895,49.92508789217852,0.0005055219517089
95,70.38818846369234,59.16045899105524,0.0005468315212056
96,70.90860679769567,62.79577290900603,0.0005574281676672
97,75.00491637522711,74.46998141807961,0.0005270285764709
98,66.19780844269633,95.82310820259087,0.0005361057119444
99,74.01397443539447,49.7208700342059,0.0005684732459485
100,69.918231016388,54.08351959273401,0.0005113907391205
101,67.76577709856063,51.8529275909544,0.0005689797108061
102,66.43169320788799,102.26847454440652,0.000587245740462
103,71.66305906004129,44.53117002643585,0.0005658053560182
104,73.95027947142084,115.98200125359904,0.0005628069629892
105,72.95933711894524,136.383064217499,0.000527786440216
106,73.62697460566207,102.83355281306147,0.0005162291927263
107,76.67330872082584,79.63560521148847,0.000515981868375
108,78.9705611390921,51.13038852784298,0.0004952485323883
109,76.20790147853116,42.74402480696392,0.000476329063531
110,73.05684376420784,97.9940433208479,0.0005105243180878
111,74.83728471518789,75.4932089426569,0.0004609874740708
112,69.62972080694843,91.39556083872806,0.0004086737462785
113,72.99698242811192,61.93108980739393,0.0004704408929683
114,69.9486308439895,139.627530373123,0.0004529083089437
115,67.78103221145236,103.64975396560166,0.0004804954805877
116,66.6341924592919,129.68488052831992,0.0004686822649091
117,67.65771287499801,138.62157316659537,0.000528916134499
118,69.7366342505993,140.04220945321984,0.0005000535747967
119,71.20681715894628,125.95577524462377,0.000514150946401
120,76.1662547000669,79.9988622773979,0.0004895341699011
121,85.0562611112357,57.4946044102489,0.0004818850429728
122,67.84838849051066,67.10531236931186,0.0004577942891046
123,73.09660921598197,73.09665283886861,0.0005347071564756
124,69.82430872296794,141.11401429013227,0.0004961746744811
125,68.20410172499051,131.1775778560716,0.0005057814996689
126,84.05888375934502,52.80297783741691,0.0005891398177482
127,77.34919267106118,50.71076293621376,0.0005890962202101
128,72.18265779349447,69.33926301498552,0.0005183883477002
129,74.9374044839991,47.00688969494749,0.000579300802201
130,74.78736086033253,46.906016176571626,0.0005497910897247
131,72.33820940584579,102.5825146134226,0.000542304595001
132,72.84052153677752,62.81583797405452,0.0005242946790531
133,72.4053556059278,53.342248494513726,0.0005423533730208
134,72.02473023090168,72.1220275328824,0.0004818872257601
135,73.50991140201684,44.49886208430406,0.0005138752749189
136,68.55385457639008,65.3946354767359,0.000555591948796
137,63.06868048774727,143.05246482036418,0.0004987749853171
138,68.72410980897915,55.29560427992082,0.0005290452972985
139,66.77294123653054,98.97796585263023,0.0005339781055226
140,66.96123881425513,126.93938710205028,0.0005133547238074
141,68.98081207808703,91.597485545957,0.0005127889453433
142,76.08382921232777,92.16539655001998,0.0005211035022512
143,71.54683789765754,114.56613596699222,0.0005250563262961
144,75.18191194346305,58.88476036737248,0.00049831031356
145,73.37626568682681,92.17114575581704,0.0004916102043353
146,69.30959559214273,72.49823393269646,0.0005088297184556
147,69.4944856583213,59.48650725966376,0.000489849015139
148,71.98615708245774,50.12332466084168,0.0005449864547699
149,65.03287425756935,106.45763026180848,0.0005295713199302
150,66.1092722723391,91.04091398242414,0.0005150817451067
151,66.98901964274825,104.06800699709513,0.0005526752211153
152,70.25907795939602,51.9370064704188,0.0005192722310312
153,69.59012540710766,60.61721882384333,0.0004940597573295
154,70.5949204936865,87.37953995501505,0.0005813253810629
155,65.48524065914302,61.61245466536557,0.000599498860538
156,67.8480772387732,127.13082722845262,0.0005535618402063
157,66.48630090031078,84.18604170881343,0.0006028080824762
158,64.11192548626427,117.3909137541706,0.000726330501493
159,79.17737335253037,87.73682668461075,0.0005943565047346
160,79.87934100161672,56.33023988647939,0.000568336516153
161,73.38536296145342,50.37720166380343,0.0005556792020797
162,72.97751252200301,46.0263155310785,0.0004946802509948
163,72.06209455665764,86.52533923628343,0.0005417403881438
164,73.0946577368607,118.05748605051572,0.0005474190693348
165,70.79188988170182,133.2135476642882,0.0005249637761153
166,72.54714814457178,111.62266542168484,0.0005159776774235
167,72.73517243930222,95.1623111758095,0.0005371816805563
168,73.01759574771617,126.33950998790868,0.0005054017528891
169,73.65392617092631,109.15537997361052,0.0005259080207906
170,80.63836252231391,74.82177140173081,0.0005091940984129
171,75.71690491120643,60.0039082937549,0.0005326039390638
172,76.56974654033449,52.15997679758525,0.0005220312159508
173,76.52649827854005,45.13073972610349,0.000469158985652
174,73.11743262229996,101.77759674286558,0.0005258361343294
175,71.89748902949682,49.90752141408983,0.0004529118014033
176,108.00441711828098,315.0254292078,0.0005143767921254
177,76.45005520146663,67.17687027095253,0.0005269082030281
178,74.31478879486811,52.63381063461542,0.0005300632328726
179,78.46691528263491,55.66497231750439,0.0005127458716742
180,75.83200601099553,60.770491172667846,0.000515766441822
181,76.99547890916794,69.01806676891722,0.0005211274838075
182,74.06943551204209,72.95504338409077,0.0005071618361398
183,72.20890312430323,82.95759752699712,0.0005073930951766
184,72.62356099809139,55.12770412693345,0.0004546322161331
185,72.32632870738497,45.33027616506777,0.0004669205809477
186,74.02113565302979,82.85110167946783,0.000454965251265
187,69.43889314058694,105.64401263867929,0.000471935927635
188,70.66031012175641,49.49819334616813,0.000496225839015
189,70.90438471562379,55.2409017555216,0.0004718508280348
190,66.64296772450975,55.65855267440946,0.0004154780181124
191,70.05414499394797,56.841183402065234,0.0004368118825368
192,67.87404826277205,102.20300662369054,0.0004907128168269
193,72.58742685178022,48.78913526766129,0.000496215710882
194,74.17814288750951,58.90097631256887,0.0004541029920801
195,71.7968262899689,91.29366551106374,0.0004846985393669
196,77.52297801703659,47.939422660895374,0.0004974699113518
197,89.29180052900077,101.91391232494682,0.0004715644754469
198,74.56121701240562,93.47924182425716,0.0004509810532908
199,73.42837496034112,63.33024636443006,0.0004406841180752
200,73.62450941200753,48.72480653786665,0.000457941496279
201,76.84160223383999,51.92822591500688,0.0004780519811902
202,74.18261145407983,65.340285166592,0.000501491012983
203,67.86784948383387,75.44421370560585,0.0004734752874355
204,65.63138310898894,145.60684063687583,0.0005210402887314
205,70.16337267658255,226.23604871832217,0.0005181469605304
206,68.17150251640295,146.2554532537696,0.000493126513902
207,83.84047826370971,52.99350690991241,0.0005566126201301
208,74.11875988270671,54.00249168496887,0.0004723820602521
209,80.78435733989537,67.17844232682668,0.0004755774280056
210,76.70960188231687,67.23990144187994,0.0004972895258106
211,71.81660970909293,46.54151181011626,0.0004457295290194
212,73.52041670488285,49.811044378021855,0.0004986757994629
213,71.87209242996117,49.00268282065719,0.0005120033165439
214,72.73682157782814,47.71853117804803,0.0004682645376306
215,70.06620926712507,52.8753156692686,0.0004946826375089
216,76.49310644366145,178.06136092763126,0.0004870780103374
217,67.04431867779037,63.84536719155535,0.0004929900169372
218,71.96875528602506,45.59239048609705,0.0004591331526171
219,74.3460952519329,49.380642030807685,0.0004832375561818
220,71.43240398690429,49.79892565852293,0.0004563422990031
221,69.4884991735921,51.61186681740757,0.000465904828161
222,63.7772044755758,131.96198678130273,0.0004810917307622
223,60.497649056126505,86.35631626941638,0.0005213546101003
224,76.06763518839064,44.42238505767263,0.0004972327733412
225,71.5400409319843,59.182909671917145,0.0005054507637396
226,67.43542428107352,95.94008010524132,0.0004630755283869
227,67.43645302601956,120.96356391295193,0.0004873516154475
228,71.57350940619264,52.45342271715977,0.0005040285177528
229,68.90824259100494,50.7464197437939,0.0005078053800389
230,69.02413376783953,60.74647854710953,0.0005226520006544
231,71.68666862219585,70.72966493274703,0.0005583926686085
232,65.60356846928612,122.15264797822724,0.0004951647715643
233,72.02411554793693,58.68057832757111,0.0005114553496241
234,70.54941065411789,55.35492151952764,0.0004878960899077
235,70.07418506901281,53.16189139969846,0.0005171585944481
236,68.67583983999064,92.38422087342096,0.0004714637179858
237,75.44780925633124,90.54364854790812,0.000553544901777
238,68.33095872527791,61.29112912521049,0.0004601005057338
239,73.5508991392309,86.07745340553596,0.0005252827540971
240,69.3823226246723,62.5738298151612,0.0005177347920835
241,66.91456719140074,143.94180083555702,0.0004645989101845
242,65.45674241051059,137.97908090258358,0.0004775699053425
243,76.83259634652984,60.80174895244832,0.0004761214659083
244,71.21730621490728,47.95054226611136,0.0004909914568997
245,67.35665666677379,78.18853785520425,0.000471242761705
246,77.32899686885787,91.58493402534044,0.0005549822235479
247,70.3582833992256,59.98790070756758,0.0004417930613271
248,68.22963419561134,56.8552114195111,0.0004595008213073
249,69.64692043452062,62.69926353754327,0.0005200789892114
250,70.81916451208535,59.34921931036545,0.0005289051332511
251,66.29361002897579,56.269819946744576,0.0004581080866046
252,70.28808618824056,64.00724758289641,0.0005086224991828
253,65.72832270997696,53.67313056636679,0.0005341533687897
254,70.57735481791327,144.4245342068226,0.0004211454943288
255,67.46062793127395,144.60590471848363,0.0005016303621232
256,77.90631100562887,162.5266999716832,0.0005751409335061
257,69.24948833052981,51.30749257744464,0.0005245529464446
258,71.79968206123263,63.01992171056048,0.0005536724347621
259,70.25353992162535,55.45373507873891,0.0004809933598153
260,69.62698451779487,51.01816283618747,0.0005313656292855
261,69.55831597767775,53.22623826466188,0.0005147035699337
262,69.24743559447305,54.11778373746255,0.0005386769771575
263,69.60660319249324,71.31660336468849,0.0004621665284503
264,71.44911615666518,69.14806308087672,0.0005045389407314
265,66.91372898513202,52.92289249759547,0.0004224675940349
266,63.58318110898077,58.96514455552568,0.000471601699246
267,68.55302866409161,147.4145842785896,0.000494141713716
268,66.9098387657728,147.4590084069348,0.0003734320343937
269,67.12097397230578,139.19429895251957,0.0004570577875711
270,65.12999961033123,142.54410218245624,0.0004582549736369
271,69.33018293911363,93.46927750418524,0.0004494678287301
272,65.83059286720994,130.47078543298522,0.0004108088032808
273,66.82163355350394,100.95431023096994,0.000446190329967
274,66.8384691219203,122.42868731684348,0.0004724705941043
275,68.29231322997218,112.04634154210476,0.000510421290528
276,66.65681542472478,134.7783407237644,0.0005260772304609
277,70.03740516070879,99.1479482136262,0.0004968583816662
278,75.89774573737694,44.49434184534722,0.0005104175652377
279,70.38982593954151,96.30198047929272,0.0005071240011602
280,71.01840479171915,67.54001131506628,0.0004885428352281
281,66.70544898031488,91.70308781475468,0.0005259775789454
282,73.68180665456609,101.9963737919808,0.0005142823792994
283,65.53001183953168,103.58754872321988,0.0005267054657451
284,66.60594701083474,81.14544756577152,0.0005413336330093
285,64.3147810282692,133.54086383874446,0.0005167793715372
286,66.28053203822695,105.44169769049364,0.0005425034905783
287,65.87821277882372,119.3589823913897,0.0005292114219628
288,63.71204324771326,141.24048366712668,0.0005556051037274
289,63.56336849241937,142.37601356388663,0.0004722601734101
290,76.39756524995308,70.76251786328021,0.0005228367517702
291,70.87034218007673,81.07509505890069,0.0004955839249305
292,69.61976625676766,78.9903491094962,0.0004834215797018
293,68.03890538493661,97.37582142262788,0.0005072852945886
294,70.6335771602941,69.61934710002913,0.0005218711448833
295,72.44427454431498,62.37465664993133,0.00055147416424
296,73.59922893828342,46.89192697389282,0.0004576059291139
297,71.29068389426051,62.69060409434556,0.0005072671920061
298,72.52388432906156,59.78778598862352,0.0005280991317704
299,72.39323739537487,67.2625868956148,0.0005493669887073
300,66.51842790842588,97.96036410484822,0.0005252963746897
301,68.10892726620261,79.31013548395944,0.0005377220222726
302,66.45529546488525,84.12580909973505,0.0005235485150478
303,67.87091421991175,78.98921084195034,0.0005481339758262
304,67.26309609281205,135.65425874090582,0.0004216776578687
305,73.50457130991336,47.42099526386068,0.0004960489459335
306,69.71162223721058,62.12808772709721,0.0005300653283484
307,67.83789631307964,67.56649734134545,0.0005069404724054
308,69.6280151793656,60.8151350053885,0.0005099592963233
309,65.7318973089423,79.3403954667796,0.0005111236241646
310,66.8225675348144,60.42510536074583,0.0005320716300047
311,74.06723568264006,102.18351401563498,0.0004780068411491
312,70.71741923320974,47.66257703506659,0.0004833359271287
313,77.36322935892859,83.36532705705571,0.0005153137026354
314,70.17172729049727,48.21289829722329,0.000558296625968
315,70.86689201621779,51.8511371430893,0.0005349541315808
316,69.23874569228123,62.17866291325134,0.0005717182066291
317,68.47031517446325,58.85217170865368,0.0005513988435268
318,68.16048873095997,51.44443308412508,0.0005151362274773
319,66.5697198972842,50.50830328013832,0.0004915829049423
320,67.4626173653445,53.488368065498285,0.0086241029202938
321,252.71499709916995,155.41764679674338,0.0005707284435629
322,63.97053185383327,146.89537735678505,0.0004672606009989
323,80.45591175996219,152.2384218255772,0.00046416092664
324,76.67251684749039,137.22430068549463,0.000384822837077
325,70.97058597524418,82.91001949041657,0.0003790867631323
326,70.33288920917119,100.59220910108174,0.0003691493184305
327,68.89878353887379,89.82532076215782,0.00037390680518
328,68.05906546937146,62.15966676780589,0.0003434520331211
329,68.73168913787623,68.75276458593564,0.0003543790371622
330,66.25048852610128,54.2791697169566,0.0003478908911347
331,66.35837506925355,59.34765307572497,0.0003547958913259
332,65.43563352554293,52.16060050297629,0.0003430636133998
333,65.97119408646671,66.04592837536505,0.0003484923508949
334,64.9468828261984,55.3313993233845,0.0003560335608199
335,64.28254518605247,54.75475382844569,0.0003610749845393
336,65.16757812334444,52.463645440313606,0.0003391294449102
337,64.4388163987445,51.17754112034736,0.0003639605711214
338,65.68182693938728,58.03786609441516,0.0003513099218253
339,63.28205511756997,67.42816917763463,0.0003431622462812
340,64.50617794216876,55.0872287685937,0.0003567369421944
341,62.37388968362304,69.11893902915114,0.0003692012105602
342,65.00009917065013,61.29466740877779,0.0003609418054111
343,63.39104579137455,77.36369002321656,0.000389769062167
344,63.510388832618624,67.6344363525847,0.0003933376865461
345,62.89187514599119,72.6178838137798,0.0003775932127609
346,65.40679928689669,59.22680802793133,0.0004172737826593
347,63.56064695338972,78.94343285377802,0.0003705180424731
348,68.26111468985026,63.72035584980178,0.0003765740839298
349,67.55199456815087,63.171199987701854,0.0003963084891438
350,64.86899863251513,67.07198377940551,0.0004045128298457
351,65.30966325089442,59.99857887184148,0.0004026199749205
352,63.24292189934146,73.22552562850555,0.0003820960992015
353,64.75523647014194,65.93497329874964,0.0003806460299529
354,63.680665948412,70.34940285811412,0.0004063521046191
355,62.62426711230164,78.4404402482632,0.0004075847100466
356,64.3896003616903,66.43767381190212,0.0003888710634782
357,62.39977337924467,79.89165978568815,0.0004069454735144
358,65.95270618517017,64.03138403025046,0.0003671866725198
359,63.32915393490336,74.38592275068655,0.0004119949007872
360,64.16611454041612,73.8932476503085,0.0003814818919636
361,61.608208519693534,87.74613643985235,0.0004039314808323
362,65.19193676640563,68.03750607451937,0.0003918035945389
363,61.58720840747463,83.92105973325064,0.000394387927372
364,65.43078488099596,66.93127346280764,0.0003882067103404
365,63.039328953444986,78.40587070751472,0.0004130761371925
366,63.59765833280832,79.94370884801603,0.0003965183859691
367,62.79359844249488,81.43280979759882,0.000439248571638
368,61.81421708594614,91.42220953775464,0.0003766112495213
369,64.29516874580217,69.22409853110439,0.0004378754238132
370,62.02766438427858,94.70475739288906,0.0003900528536178
371,62.9472751757276,85.03687941186219,0.0004376673605293
372,63.28347257924711,81.76923007884078,0.0003827876644209
373,62.824400476854514,86.3364609622312,0.0004273869562894
374,62.6711807654339,97.80170984040164,0.0003987821401096
375,65.9398600143463,66.2041682100598,0.000441401352873
376,62.02128270752916,85.87284048374914,0.0003710766904987
377,62.75387247571028,81.45796913524865,0.0004065821703989
378,62.28235085541943,91.94144754841074,0.0003778130922
379,61.85746717581407,88.5120523366766,0.0004074995231349
380,61.516666521360776,100.07212893970949,0.0003912167740054
381,62.58200356321768,83.84440907379052,0.0004010572156403
382,61.36329454310726,97.73845680931558,0.0004161047108937
383,64.22477243220541,73.27811275112543,0.0003868597268592
384,62.08831525644765,88.0344858422675,0.0004286454059183
385,62.85229579653117,88.9648076246446,0.0003980761102866
386,61.92771228609464,100.65822513989711,0.0004037110193166882
387,66.18745636015022,73.55872354428762,0.00041477152262814343
388,62.62258986505422,89.82395729460816,0.00040761573472991586
389,65.00391841973057,67.2866997956539,0.0004213377833366394
390,65.56399384102839,76.3970105719464,0.0004021311760880053
391,62.97115504730432,97.91041847263975,0.00040769384941086173
392,63.997844845047204,83.63744916254,0.0004208437749184668
393,62.13470483336748,98.08562073701908,0.00040387941407971084
394,63.1997584001989,87.9011758132747,0.0004063111846335232
395,62.356343083819105,103.45603318983517,0.0004170174361206591
396,64.26802395807243,77.19162290236054,0.0004119014774914831
397,63.075660913191676,92.20710612203527,0.0003756382502615452
398,63.37701633848891,90.34129161750018,0.00041357066947966814
399,62.20966320341672,102.86864154571266,0.00039607935468666255
400,65.59488250396414,71.71567531829906,0.00042129142093472183
401,62.194505346833274,93.37320982679262,0.00043342335266061127
402,62.953300122415264,87.44631722935502,0.0004218749818392098
403,61.99500598528357,96.2892027107842,0.0003977036976721138
404,61.67706387361555,99.86934488129936,0.00040318796527571976
405,61.31425827396474,103.86382214500992,0.0004066028632223606
406,63.922975510731646,75.7853785908966,0.00041825094376690686
407,63.367485361668365,94.98719239100282,0.00039660988841205835
408,62.76996480577666,96.00018960312806,0.0004002984205726534
409,62.48924472786613,98.9352546420442,0.0003740545944310725
410,61.07776193678389,103.62905868826537,0.0004198233946226537
411,61.42202578832639,110.40139061536411,0.00038727675564587116
412,61.76717563305639,100.93864685943585,0.0004077159392181784
413,62.889945873685505,89.03619270294674,0.000436275964602828
414,60.78317296326804,113.26933393969705,0.0003999731270596385
415,62.41324497045195,94.15656824868252,0.0004243647854309529
416,62.76059923387785,96.72518568222948,0.0004166887665633112
417,60.839407837085965,115.67792851004317,0.0004378712037578225
418,61.22932382485327,105.8813774695332,0.0004161100659985095
419,60.16462261705719,113.54622220352806,0.0004156053764745593
420,62.37668879567633,96.61838491130946,0.00040334073128178716
421,61.406544100423645,104.8258278394179,0.0004250268393661827
422,63.289314333702954,86.12136978264257,0.0004087254055775702
423,61.27842406834971,110.0879452521959,0.0004427937092259526
424,63.821485457799625,88.39829945057102,0.0003890665539074689
425,61.30010384404382,109.1921543153155,0.00042720462079159915
426,60.311895471838085,110.02437744233802,0.0004323354223743081
427,59.77192267679134,112.75669500231653,0.0004238339315634221
428,59.35228867380356,114.2486788983718,0.0004410530091263354
429,58.88180946654341,122.12611463168844,0.00041158022941090167
430,58.78931332636743,118.81431260881551,0.0004419262695591897
431,58.95934498078912,123.79413006054389,0.0004077322664670646
432,58.87430808069179,123.51160475307013,0.0004092459857929498
433,58.6420343459273,127.44071119803421,0.0004080567741766572
434,58.46185203212547,127.44621100309412,0.0004262620350345969
435,58.418142685974445,132.44406362381602,0.000405632599722594
436,60.31077466946797,114.45329442135709,0.0004111268208362162
437,59.22740470684854,125.30092991298494,0.0004072504525538534
438,58.729789493263226,130.1409924753634,0.000413569767260924
439,58.28641739960673,131.57981427148968,0.0004264350573066622
440,58.25632423193301,133.27428681933873,0.0004191368934698403
441,58.00154964361967,134.51730928530017,0.0004163768026046455
442,58.225656812544834,134.186277408127,0.00041443706140853465
443,58.05910081263976,139.85846500913183,0.00041352101834490895
444,58.85106308994715,124.11539921894345,0.00040977023309096694
445,58.186820421988806,132.83748978675752,0.0004052145523019135
446,57.99822713309078,134.9193387522837,0.0004145633429288864
447,57.56375564229464,135.68410073347167,0.0004098489589523524
448,58.74068808453216,129.1722719676205,0.0004195390793029219
449,58.215126901625304,137.48808086889431,0.00042468265746720135
450,58.295986988755814,134.33034184132472,0.0004204465658403933
451,57.91176242102978,139.70720101757556,0.00042670409311540425
452,59.29294003405522,127.53414512194874,0.00041503828833810985
453,58.04394953027334,134.4243139323861,0.0004315905680414289
454,58.23768107192536,140.8055581268422,0.0004106766718905419
455,58.185768905653674,136.8962166128061,0.00042432162445038557
456,57.69203928279086,142.91128605898695,0.0004238942638039589
457,57.55530841906298,143.22551781992578,0.00042360895895399153
458,57.92919496138763,145.92923632445937,0.0004272759542800486
459,57.31450382341285,137.74742646124378,0.0004200960975140333
460,58.82633242789284,149.44147627532203,0.0004205730801913887
461,58.773581087726555,142.0573580147368,0.00042180216405540705
462,58.03745210356209,147.98896390758634,0.0004104354593437165
463,58.12289867910221,147.68509548640526,0.0004142528341617435
464,57.55517796539591,155.7709311332813,0.0004130068118683994
465,57.87023241773846,143.65625663572246,0.0004102782695554197
466,57.60312690580326,151.65371970574714,0.00041071855230256915
467,57.30100525461514,152.014954490914,0.00042198243318125606
468,56.96196621919317,152.4748560122538,0.000420514727011323
469,57.927089137264936,156.3910586683388,0.00041286018677055836
470,57.90246390357505,161.1679856484109,0.0004094140895176679
471,57.529315533505844,158.38721577088876,0.0004166029393672943
472,56.85433483292946,166.1050706739153,0.00039990758523344994
473,56.87870800397377,165.11839868268183,0.00040562718641012907
474,57.48405230680268,162.61384974463073,0.0004039706545881927
475,56.581738352804614,170.43874471517853,0.00040618571802042425
476,57.0473089073801,147.55933887205262,0.0004004495858680457
477,57.32890141348304,152.44655291958648,0.00042551758815534413
478,59.05371360707839,148.03773867722484,0.0004259065608493984
479,58.08122055824545,160.12887380048988,0.0004124077968299389
480,58.364537281184724,153.79847556994935,0.000407690298743546
481,57.92195009346133,160.89605253181998,0.000413966947235167
482,57.38768133167507,159.74819510814967,0.0004159160307608545
483,56.939214627709916,166.30366710243865,0.00040299046668224037
484,57.38201225342237,162.78209927646387,0.00041365058859810233
485,56.32442761864197,168.61374187049697,0.00042115239193663
486,56.52000113498124,155.10322678465891,0.00041534146293997765
487,57.84009718917327,160.64078103349595,0.0004251634527463466
488,58.64872600332747,159.8549038083133,0.00042619480518624187
489,57.476727661374326,168.88157082205677,0.0004232113715261221
490,57.78895702762149,166.82013919588735,0.0004221685230731964
491,57.3680991560992,171.17033589942076,0.0004232562496326864
492,57.23261848783811,173.2633673078045,0.00041493415483273566
493,56.64780137611447,179.36567213027993,0.00042397913057357073
494,57.21816519227569,163.14558291353077,0.000419558840803802
495,56.73602516390663,172.81513949091567,0.0004179648240096867
496,56.79703785361089,177.0309008509068,0.00042165847844444215
497,56.64012963388088,171.6867238221649,0.00041970977326855063
498,56.906924154309635,180.29031144137141,0.0004204742144793272
499,56.06236626216988,182.9778946830166,0.0004173077759332955
500,56.62257939791632,184.2874690259742,0.0004027293180115521
501,56.70953053864109,188.56665568387598,0.0004121449601370841
502,56.14218752779616,188.3155072264761,0.0004010781121905893
503,56.019057540719025,189.21487508762218,0.000404400285333395
504,58.567994141636035,172.0063682633319,0.0003854408278129995
505,57.887087409224044,183.9118670038394,0.000405060505727306
506,57.372630064530796,189.53115119788237,0.00038520636735484004
507,56.750239276840624,192.91950014174625,0.0003969443205278367
508,56.35379796221324,196.0965291189339,0.0004025422967970371
509,55.703218146778354,195.035763366599,0.00038892868906259537
510,55.35830762766769,201.94578265053445,0.0004040930652990937
511,56.0103316055485,196.9656275562131,0.00038419722113758326
512,55.512080163397634,204.3977004767822,0.0003883293247781694
513,55.933276474974335,200.66442007834345,0.00038467010017484426
514,55.39441870170355,212.58938856964156,0.0003868106286972761
515,55.14133354297367,198.03614305335876,0.00038932650932110846
516,57.27676429247156,186.1422258509603,0.00038964470149949193
517,57.27119749554193,189.00033709473777,0.00039041906711645424
518,57.21769270541917,205.9743095006824,0.0003834320232272148
519,56.854757725599825,209.67844465219736,0.0003781496488954872
520,56.338774145341496,214.71276420898192,0.00038252395461313426
521,56.14211185135878,220.5792293390402,0.0003843365120701492
522,55.23300151196669,227.70332343225562,0.00038491349550895393
523,55.87764087841215,216.2933269924715,0.00038077530916780233
524,55.90456698896582,227.41340014392932,0.0003812163195107132
525,54.91424909978638,231.63165622716625,0.0003825569583568722
526,55.5093375685559,229.11267824800206,0.00039358617505058646
527,55.34053197906338,236.41388366150437,0.00039350439328700304
528,54.8273869425261,237.19294100394094,0.0003943357151001692
529,54.58687084084549,237.03937440362006,0.0003933403640985489
530,54.204307079568586,244.6642771311215,0.0003944196505472064
531,53.98921896279205,245.12126104124061,0.00039253418799489737
532,53.85308329847422,248.21132033624383,0.00039859479875303805
533,53.25852459471788,239.7862786639174,0.0004004983638878912
534,53.785783906045054,248.95971158587614,0.00039250715053640306
535,53.388013914766695,249.0077320566985,0.00040050959796644747
536,53.39921804969835,251.52820028504075,0.00039248570101335645
537,53.600262810489404,258.5292291671202,0.0003949346428271383
538,53.112437518819235,261.2006363098005,0.00039131342782638967
539,53.08632198388144,261.68368902512486,0.000395741022657603
540,53.12188301051111,258.20652119367793,0.00039115551044233143
541,52.86083750439923,261.1054440839008,0.0003979601024184376
542,52.74193907296399,261.9865418552046,0.00039865306462161243
543,52.882601744733535,259.2817055831771,0.00040539639303460717
544,53.38323583949235,267.03546941841734,0.0003936959838028997
545,52.70624104940405,274.8851482880177,0.000394914677599445
546,52.400023266065915,272.8196551660733,0.00039312144508585334
547,52.3201941682652,272.93228555791734,0.0004078712372574955
548,52.40842231459531,283.8301555668081,0.0004015877202618867
549,52.49553174710768,276.16409951497764,0.0004195519722998142
550,52.80124933172222,286.5290595603143,0.00040715286741033196
551,52.208943796313534,287.98930227157024,0.0004296816769056022
552,52.456653385575436,283.33012789092817,0.00041100510861724615
553,52.03653183931002,287.79399948999355,0.00042042756103910506
554,52.859587537095,287.5028440585156,0.00041316761053167284
555,52.44165885563184,283.7709714869811,0.00042633581324480474
556,52.85760130290238,289.2625566259341,0.0004136615607421845
557,52.800645218184535,299.0404488809904,0.0004254759114701301
558,52.3291223639566,297.93144983658425,0.00041714435792528093
559,52.48794607705935,300.84183840590043,0.00043086361256428063
560,51.93959793664229,292.89377283270306,0.00042212591506540775
561,53.10954624415648,303.56650302467034,0.00042752211447805166
562,52.99212098616906,311.21634629419333,0.00041889207204803824
563,52.491798170565204,310.2068119376228,0.0004250097554177046
564,52.48446808042241,314.67173870011067,0.00041610863991081715
565,52.80341081225389,314.6128074263772,0.00043113273568451405
566,52.944043848707175,310.6929275189295,0.00041937254718504846
567,52.48682799221378,310.0037270946131,0.0004312141099944711
568,52.542931130676024,322.3674493997796,0.0004216876404825598
569,51.785185703380165,320.69934890149733,0.0004251083009876311
570,52.17348610164551,323.482184899937,0.00042145937914028764
571,51.64396384325749,319.82488835756277,0.00043274584459140897
572,52.38384225434727,321.3381021399152,0.00041869492270052433
573,52.09538648219588,330.671703683034,0.0004297997511457652
574,51.7323820697432,325.822061094244,0.0004266559553798288
575,51.985947557493844,328.5317838373368,0.0004309919895604253
576,52.039964552409685,341.1121910224952,0.0004285940376576036
577,51.585384185967285,328.76628551094586,0.0004291716031730175
578,52.325112407704644,336.5260491400771,0.0004182830161880702
579,52.056553477475184,343.6396710790235,0.00042788541759364307
580,51.79620194654802,347.9600890587503,0.00042156080598942935
581,51.85948481237925,344.20501769888494,0.0004334531258791685
582,51.987963964735776,350.86857763967896,0.00043115229345858097
583,51.20163743353909,342.0620451650903,0.0004374580457806587
584,52.02438982787634,363.8422772940685,0.0004238033143337816
585,51.518521395814865,358.6977834962808,0.0004327421775087714
586,51.26329570088469,357.00778329158265,0.00042632443364709616
587,51.732710147536096,358.63103694058645,0.000433054898167029
588,51.249309851599854,366.38486345613893,0.00042548507917672396
589,50.97137318876577,368.5921672232116,0.00043097356683574617
590,51.215924521386476,365.6643318079429,0.0004303398309275508
591,51.22161712483726,383.5338255994661,0.00043539347825571895
592,50.9931805033119,370.1585089687384,0.0004212560597807169
593,51.53030954063759,378.7860425767381,0.00043158934568054974
594,50.75830572996353,382.5870478492734,0.00042259556357748806
595,51.04116220674585,390.09681337136163,0.00043495887075550854
596,51.8100189040035,388.98752992943946,0.00042222123011015356
597,50.93993544854433,392.4865246550451,0.0004286966286599636
598,50.72556577825021,390.4983427961867,0.0004243099829182029
599,50.27925863974745,400.2947303073707,0.00043379110866226256
600,51.2491646700969,403.00100789434,0.0004259134875610471
601,50.556132325862535,405.4112867796401,0.0004396459262352437
602,50.71877799555815,410.946323456312,0.00042300857603549957
603,50.424549685297755,403.79884619711646,0.0004316340491641313
604,50.56156894402939,418.51479594971926,0.0004242445284035057
605,50.03503005032951,390.95111256254944,0.00042902163113467395
606,51.142701166300995,429.8856062064052,0.00042641343316063285
607,51.06852106037221,432.1448824577793,0.0004257870896253735
608,50.376353267547074,438.6965264033364,0.0004243775620125234
609,50.01741886433469,406.0224209729342,0.00042639567982405424
610,50.81713761706245,449.7278413907876,0.00042636971920728683
611,50.23575975149256,407.09619029762587,0.0004282777663320303
612,49.99326994367574,399.90026164475046,0.00042541135917417705
613,50.773363750747755,427.2495467802849,0.00042464135913178325
614,50.341438618969406,402.9393298867518,0.0004240841371938586
615,49.74142351729127,400.5174922534956,0.0004223703872412443
616,50.00107982567708,418.46016742065774,0.0004247445613145828
617,49.61312722280209,402.9372034156293,0.00041930589941330254
618,50.12942948610843,424.84216802029215,0.00042050692718476057
619,49.512445279816205,409.4037793328494,0.0004222574643790722
620,50.020522195683014,439.41950688502374,0.00042189602390863
621,49.50280033644656,418.583072947549,0.0004213108622934669
622,49.72150569309865,447.45706494003673,0.00042310342541895807
623,49.169930312455854,426.4445238164774,0.00041845173109322786
624,50.08734803977675,455.5865444709956,0.00042023370042443275
625,48.95623046841414,434.79184255626654,0.0004210603074170649
626,49.68534130934584,441.3416822168557,0.0004180071991868317
627,49.112907959341804,444.068424219147,0.00041268530185334384
628,49.21788338399928,444.741204993872,0.0004139553930144757
629,49.170977974515175,444.86143089443243,0.0004130072775296867
630,49.30636685174357,449.35923695856775,0.00041261696605943143
631,48.93782588280379,451.07640795970764,0.00041214009979739785
632,48.83020697374731,452.42629765369963,0.00041384994983673096
633,48.95674784282707,452.2604177411159,0.00041384962969459593
634,48.71703955350248,459.326404218954,0.00041566783329471946
635,49.04123337201721,460.0311698739932,0.0004124165279790759
636,50.16669517212473,570.4519858705806,0.00041705352487042546
637,50.06820299184177,571.6691304413132,0.00041711184894666076
638,49.873266201639616,572.207600142195,0.0004192160558886826
639,49.64149508775081,573.2572504021132,0.0004182041739113629
640,49.38417182754594,574.6358674286065,0.0004193536296952516
641,49.132675461057296,576.7536096501703,0.0004205412697046995
642,48.96517268968049,579.4388605753749,0.00042123140883632004
643,48.90234084909772,583.1978983876033,0.0004220172413624823
644,48.69667546862482,586.9176577852054,0.00042580594890750945
645,48.73352629461498,591.2563574875464,0.00042313040466979146
646,48.32389330438701,594.0919479320092,0.0004250530619174242
647,48.56157223242571,598.6160085839683,0.0004256854299455881
648,48.3853670996622,605.0714553099778,0.00042754135210998356
649,48.363141210879306,608.6425734107953,0.0004267279873602092
650,47.912113938935185,613.278198382232,0.00042865515570156276
651,48.17753149199692,620.00396770808,0.00042806059354916215
652,48.17021047755466,625.5118906010198,0.0004302302550058812
653,47.81473268210446,632.6592760102498,0.00042933932854793966
654,47.72929121370664,635.5554561871572,0.00043077662121504545
655,47.70251147801318,633.6100595349743,0.00043272125185467303
656,47.41984911193958,596.5294016809803,0.0004317688290029764
657,47.98869872391039,645.2066857512434,0.0004319775034673512
658,47.59596051497116,652.4359264004909,0.00043155148159712553
659,47.28096205468736,604.7861703640452,0.00043287541484460235
660,47.239113368515596,593.4259252439847,0.00043162552174180746
661,47.3403172893285,568.3364373643936,0.00043213440221734345
662,47.00266282159982,570.5222031319344,0.0004311014781706035
663,46.99806694242108,556.8447769933929,0.0004325734917074442
664,47.27142026852625,560.4357635918863,0.0004307050257921219
665,47.07889505348094,577.287180919207,0.00043325606384314597
666,47.10322716397719,567.7385130437619,0.0004314859979785979
667,46.6195163996354,562.6364216716202,0.00042967262561433017
668,46.89534584290908,563.901672846927,0.0004244063457008451
669,48.22337977713791,693.7880520059343,0.00042814912740141153
670,48.086009301419246,694.453466458209,0.0004277984262444079
671,47.95886914507453,695.4660639580646,0.0004281055007595569
672,47.63853715951977,698.257263406121,0.00042727397521957755
673,47.41624014821742,699.8004625146026,0.0004277331754565239
674,47.23769109258902,703.7038121705581,0.00042550021316856146
675,46.97410530710558,705.8330951980057,0.0004278818960301578
676,46.971437434458814,709.6453035444514,0.0004258368571754545
677,46.71230276546068,713.7008988603443,0.0004262206784915179
678,47.37022276171726,716.5983104264467,0.0004252531798556447
679,46.74282922073021,723.7777832378121,0.00042742607183754444
680,46.606927195330364,730.0949869232895,0.0004239146364852786
681,46.70854565650778,734.6088098499514,0.0004242601862642914
682,46.60540264738151,739.8738362231264,0.00042369560105726123
683,46.68996671277629,741.0364337895728,0.00042596785351634026
684,46.58398031204563,747.6573873255236,0.00042389193549752235
685,46.18441978091466,753.5495944564855,0.00042246986413374543
686,46.17191972809398,759.5051972370927,0.0004227006866130978
687,45.96318862959508,763.4430393310193,0.00042267818935215473
688,46.56674268120356,764.8139795347394,0.00042173732072114944
689,45.95843466427678,768.0174594157976,0.00042250644764862955
690,46.00879980009489,704.7816813502068,0.00042221214971505105
691,46.601316255134414,780.6620295083737,0.0004227391036693007
692,46.05452140446844,750.7951819141159,0.000419645948568359
693,45.76096134751729,706.8237804662521,0.0004227495810482651
694,45.62016643840131,677.1171860060548,0.0004202545387670398
695,45.6131456124785,671.9207349329753,0.00041731554665602744
696,47.59531727312101,790.8922988640433,0.0004185256839264184
697,47.588243001524184,791.425245795527,0.00042078059050254524
698,47.348051841162345,792.8821236406626,0.00041869739652611315
699,47.04047512609421,795.9941640312665,0.00042176523129455745
700,46.84967108151863,797.9774904601376,0.00041960697853937745
701,46.46877719739881,801.5849121750551,0.0004186148289591074
702,46.18600487319444,803.0335765243832,0.00041963678086176515
703,45.95197701115812,810.7689287565707,0.00041773528209887445
704,45.73674011418441,813.4413242929057,0.00041730914381332695
705,46.22864321611829,818.2642104772559,0.0004197220259811729
706,45.615206051678626,825.4365331999506,0.0004181707336101681
707,45.47997000433285,829.4419381335555,0.00041877644252963364
708,45.35156781758707,834.8742233234984,0.00041711138328537345
709,45.962263781066184,838.685506428074,0.0004178207309450954
710,45.407798603409546,845.8502012993838,0.0004189473111182451
711,45.40088234921433,849.9783686327307,0.0004181171825621277
712,45.10488603085894,857.0182029345794,0.00041810059337876737
713,45.052384071883054,862.2912728737502,0.0004166605940554291
714,45.82916927846043,861.3586985501072,0.00041918479837477207
715,45.96627991524899,869.1578858386387,0.0004210274200886488
716,45.46587576623055,876.482397870031,0.00042010642937384546
717,45.287031241881486,883.4781022756723,0.0004202931886538863
718,44.580530461677974,882.7731763503091,0.00042008073069155216
719,44.74861326820926,891.8706265896792,0.00042135879630222917
720,44.63650055536002,899.035499442962,0.0004198754904791713
721,45.037524991516854,901.9672533081107,0.00042116278200410306
722,44.67820696732958,910.760037271808,0.00042046798625960946
723,44.56041015908312,918.5139281355326,0.00042128015775233507
724,45.86709889312727,896.0117624672642,0.0004196249064989388
725,45.892329023846465,895.6682972209176,0.0004218615940771997
726,45.65992834453731,902.6094065787373,0.0004195028159301728
727,45.46309936304766,905.0203827016977,0.0004203700227662921
728,45.09169643885679,911.3764001860699,0.00042866982403211296
729,45.63095566140878,913.827998577143,0.00043036218266934156
730,45.509627312338154,916.7078662442633,0.0004315564292483032
731,45.37072010672242,919.933477281026,0.00043231790186837316
732,45.30991197752607,922.8295408666042,0.000432989647379145
733,45.22988442291171,926.2579239817552,0.0004334801051300019
734,45.19603852156014,929.8729907015708,0.0004353793046902865
735,45.19793232017845,933.5256531951474,0.0004346843052189797
736,45.0343530010481,937.9374219199241,0.00043588050175458193
737,45.32995016472857,939.4621855712236,0.0004355385317467153
738,45.10737429539693,945.5056186274859,0.00043663650285452604
739,45.03118411998763,949.3274812459008,0.00043685053242370486
740,45.22390669910716,951.311280107904,0.0004373084520921111
741,44.93147846702024,958.9527913385016,0.0004383069754112512
742,45.00690246241586,961.8438441224059,0.00043827021727338433
743,44.95504529718875,966.2538103115471,0.0004386988584883511
744,45.139498141087834,968.4612578284889,0.00043962147901766
745,45.0567334682674,974.6468548368821,0.00044053461169824004
746,45.00847506295945,979.9041834165675,0.00044004476512782276
747,44.99731877718925,979.0419422728122,0.00043996749445796013
748,44.88933280851593,985.4742927028615,0.0004413263814058155
749,44.905271982742335,989.6645220718906,0.0004408655222505331
750,44.86263182033786,991.5887036125418,0.0004414760915096849
751,44.83005218512002,997.4161895698209,0.00044130513560958207
752,44.86532638951049,1000.1378689650418,0.00044205281301401556
753,44.79881386934101,1005.7479919076828,0.00044110280578024685
754,44.93373802799189,1007.2322699973295,0.0004425153601914644
755,44.96883535568592,1011.5007824423571,0.0004425650695338845
756,44.84858922105874,1018.7737054889105,0.00044276879634708166
757,44.864041734486726,1018.6167351967854,0.0004436540766619146
758,44.84280175786312,1026.194581839802,0.00044336047722026706
759,44.84432802732491,1028.6562993035598,0.00044390183757059276
760,44.82713216147215,1033.2879640446458,0.00044481808436103165
761,44.847775192553065,1028.5844109203258,0.0004439452604856342
762,44.821090416565156,1033.0826449274066,0.00044352904660627246
763,44.76094937845534,1037.7278947991017,0.00044454619637690485
764,44.787722937688784,1041.244432097032,0.0004434541333466768
765,44.7508098529053,1043.7423520591447,0.0004443626676220447
766,44.83984347660725,1047.4494679819832,0.00044394959695637226
767,44.77484510336535,1052.513628184282,0.0004444575752131641
768,44.85522155920287,1054.2935820676378,0.0004443440120667219
769,44.81435146087567,1059.7258737078491,0.00044494972098618746
770,44.79116571580025,1063.2717156230717,0.0004445408412721008
771,44.81631567382218,1067.9660728891001,0.00044300645822659135
772,44.69941168112589,1068.4425581331218,0.00044506348785944283
773,44.869242263965404,1070.6645639515875,0.00044514035107567906
774,44.81061493981794,1077.222500780502,0.00044537748908624053
775,44.89495747245812,1080.5867866694423,0.000444145523943007
776,44.894575821421284,1083.5690358501797,0.0004441739874891937
777,44.8145367617949,1087.9639491374278,0.0004444945079740137
778,45.002080985424364,1094.2748949075067,0.00044217248796485364
779,44.7562189897238,1080.127473771102,0.0004430015105754137
780,44.78900458936545,1080.6792375806788,0.0004430158296599984
781,44.77398434131592,1081.4261192784081,0.00044404048821888864
782,44.74945732033034,1082.4703380425092,0.00044227702892385423
783,44.70755704691176,1083.797687598299,0.0004428403917700052
784,44.715087862307755,1085.1896384722518,0.0004427939129527658
785,44.70223858922552,1086.993614743274,0.00044260910362936556
786,44.67905365959907,1089.0530982913117,0.0004421951016411185
787,44.67426641985527,1091.5608518466026,0.0004423807258717716
788,44.74214456720845,1094.2695129149242,0.0004421813355293125
789,44.767517810289206,1097.1560341409156,0.0004419454198796302
790,44.76359529870631,1099.9099087673878,0.00044181037810631096
791,44.7315997277872,1103.7858807082719,0.00044176311348564923
792,44.85828588860813,1106.4474396850603,0.00044176430674269795
793,44.76350637916318,1110.9293602330035,0.00044127972796559334
794,44.79901787399645,1112.54879431257,0.0004413472197484225
795,44.75607144383146,1118.2949278381013,0.0004412313282955438
796,44.792816164360005,1117.2982423399899,0.00044144748244434595
797,44.84689069934519,1123.6946819719437,0.00044091464951634407
798,44.8605948568998,1128.1482023116641,0.00044174218783155084
799,44.97630026782002,1130.5794821058976,0.0004417058371473104
800,44.974807384954275,1134.6775986479065,0.00044128441368229687
801,44.84679547527122,1136.7681843346363,0.000440852134488523
802,45.125399452678614,1142.1938803832622,0.00043948000529780984
803,44.87141695708906,1141.5113744304058,0.0004416430019773543
804,44.95683297043596,1146.8611485085512,0.0004409913090057671
805,45.11602071944393,1153.0375516044037,0.0004387160297483206
806,44.821274464987255,1146.105226861797,0.0004400255565997213
807,44.911333690616274,1149.3019232923962,0.000440851115854457
808,44.92448791964672,1152.524752886915,0.0004406514053698629
809,44.996900213608846,1157.3088098325234,0.0004404110659379512
810,44.98712853288251,1158.3981015029203,0.00043918314622715116
811,45.00734245034431,1164.2431268763835,0.0004396609147079289
812,45.10379444893208,1167.668621475681,0.00043990230187773705
813,45.02335591627192,1169.2044168505183,0.0004390592803247273
814,45.00711835037216,1173.5504192806472,0.0004396061412990093
815,45.34302083827191,1179.4612472611984,0.00043896620627492666
816,45.08841680847086,1180.2033853906262,0.0004387408262118697
817,45.267778457097435,1178.2721627366698,0.00043879332952201366
818,45.43065239509291,1185.787563710446,0.0004384994099382311
819,45.212147369625676,1186.9676904731814,0.0004382056649774313
820,45.37276498664319,1191.0236853367676,0.0004392648988869041
821,45.41744703768939,1195.2768402973295,0.0004381266771815717
822,45.36554434850709,1195.7288887239017,0.0004377160221338272
823,45.387483802212174,1201.9812101573627,0.0004357320722192526
824,44.72204973178142,1187.371552694839,0.00043675253982655704
825,44.89508352979192,1187.5862112050224,0.0004368168592918664
826,44.87037594162402,1188.6193907530815,0.00043561324127949774
827,44.89368346227644,1189.4014456104312,0.00043629511492326856
828,44.83858974136995,1190.7530619691652,0.00043532095151022077
829,44.93252174385881,1191.7627056530496,0.0004061262297909707
830,44.058265981326905,1192.7194577555033,0.0004066117398906499
831,44.11097464897978,1193.6149538459688,0.00040675533819012344
832,44.137155384972715,1194.6973633721054,0.0004064674722030759
833,44.16960170432166,1195.9023579785219,0.00040620783693157136
834,44.202126556317914,1197.2964251109813,0.00040653941687196493
835,44.219463828345646,1198.7669927040017,0.0004064601962454617
836,44.274302253575634,1200.418121285042,0.0004058307677041739
837,44.305132954914306,1202.243949366187,0.0004067680274602026
838,44.34868566618491,1204.0978399324495,0.00040619465289637446
839,44.379371542038356,1205.9974381888355,0.00040641266969032586
840,44.45885664510691,1208.152219419433,0.00040621316293254495
841,44.44062605894178,1209.746429569221,0.0004062486987095326
842,44.55326952859783,1212.11797715762,0.00040642727981321514
843,44.418516658468384,1213.1515092399968,0.000406491628382355
844,44.56491819507788,1215.5768525438068,0.00040637943311594427
845,44.57189571549129,1217.7993493727422,0.0004061470681335777
846,44.61645073125804,1219.396801880863,0.0004065249813720584
847,44.64202248620596,1221.9348473572152,0.0004063658998347819
848,44.70384706695145,1223.9222932265468,0.00040657102363184094
849,44.72875663336259,1226.4297881603286,0.00040645108674652874
850,44.45596299650717,1225.9645287927324,0.0004063518135808408
851,44.56499520442602,1228.1785193410724,0.00040676642674952745
852,44.66464436206968,1231.051839571579,0.0004068072885274887
853,44.73705939775313,1233.9366234379665,0.00040703106787987053
854,44.83311293910699,1236.576896925208,0.00040682664257474244
855,44.863122412839886,1239.0657612019572,0.0004063213709741831
856,44.76182461568172,1240.181947468349,0.00040672547766007483
857,44.86930867457696,1243.153331447065,0.00040674928459338844
858,44.795115881651554,1240.2130799583647,0.0004073259187862277
859,44.76327167018194,1243.8533247803935,0.0004069866263307631
860,44.892824866837906,1245.4940030836358,0.0004076682380400598
861,44.93867812882561,1247.0840833828395,0.0004072053707204759
862,44.88883414672893,1248.6785282130922,0.0004067420377396047
863,44.971883313752194,1249.546184388837,0.0004072786832693964
864,44.96567737642909,1252.754622255418,0.0004072829324286431
865,44.80566877358857,1250.2501820971322,0.0004076890181750059
866,44.84696526131621,1253.6920931587345,0.00040704672574065626
867,44.97828034472284,1255.552911643533,0.0004070721915923059
868,45.006456987662865,1257.0484686399498,0.0004073093004990369
869,44.94658966117137,1257.4857491141868,0.00040704739512875676
870,45.07358560858255,1259.7767322918837,0.0004072279261890799
871,45.068110214223715,1261.0157577610848,0.00040699413511902094
872,45.0369080024128,1263.056545444835,0.0004069892456755042
873,45.1114712030086,1264.162883205465,0.0004068900889251381
874,45.14454394113138,1267.7688259987506,0.00040674215415492654
875,44.72887687378255,1262.3742318577083,0.0004070199211128056
876,44.83918128420181,1264.2977311258578,0.00040710761095397174
877,44.86694058847633,1265.1759918409955,0.00040733657078817487
878,44.93409543123027,1267.6119909594133,0.0004077035700902343
879,45.044932315342194,1266.8355056843247,0.00040740115218795836
880,45.022629996916116,1269.5268810877562,0.0004070739960297942
881,45.09043163994773,1270.1502368589054,0.00040724180871620774
882,45.106819322271456,1271.9369952211694,0.00040753415669314563
883,45.16152261995156,1272.5817852135722,0.0004071788862347603
884,45.17068214617462,1274.3902228547963,0.00040758104296401143
885,45.151428101676665,1273.1087333067946,0.0004069367714691907
886,45.09638692223433,1276.3835931034246,0.0004073009476996958
887,45.247207891838706,1274.3442924980986,0.0004077795019838959
888,45.33160528405764,1277.0439981675074,0.00040715065551921725
889,45.27133216855102,1277.9108013426599,0.0004069304559379816
890,45.31469070976907,1279.0545449033914,0.0004071165167260915
891,45.297062823016525,1280.335363819498,0.00040696311043575406
892,45.357358417766974,1281.4174030093172,0.000407243671361357
893,45.275241956127594,1282.748396357601,0.00040715085924603045
894,45.408635450727814,1284.4645898992917,0.0004071606381330639
895,45.13117878072401,1285.316199013815,0.0004068771086167544
896,45.30312648169456,1286.2143200183066,0.0004071743751410395
897,45.33582589920309,1290.6232730853158,0.0004053947050124407
898,44.76518859645581,1281.422277001,0.0004068704438395798
899,44.78541184066649,1281.2569669345871,0.00040710237226448953
900,44.80125160515293,1281.2281726651718,0.0004068372945766896
901,44.80333414109875,1281.2771849902435,0.00040681249811314046
902,44.81818834948482,1281.4156711647636,0.00040698281372897327
903,44.83435511553404,1281.499376446111,0.0004069022252224386
904,44.85042718833609,1281.6774394341805,0.0004065332468599081
905,44.85222619064837,1281.872527481097,0.00040703342529013753
906,44.87722245997964,1282.1756750754391,0.000407154526328668
907,44.88803058446588,1282.5584175344613,0.00040691252797842026
908,44.9107587822709,1282.9695160848532,0.0004069520509801805
909,44.92588541950945,1283.5509038271464,0.0004071446310263127
910,44.95811392779077,1284.178944469939,0.0004067234112881124
911,44.99077473317105,1284.8904303360898,0.0004067334230057895
912,44.999974404324604,1285.8173858314965,0.0004070306022185832
913,45.041487884559785,1286.6334538126036,0.00040646037086844444
914,45.056558490440985,1287.7873030749035,0.00040692734182812274
915,45.0970275145101,1288.9206692688006,0.00040724914288148284
916,45.14976678079712,1289.8717759403673,0.0004068838607054204
917,45.114358559655535,1291.3294140134183,0.0004070887225680053
918,45.205932594694914,1292.6631598652416,0.00040694724884815514
919,45.19629882391252,1293.2336781777904,0.0004072726587764919
920,45.204843605055785,1294.6490597586385,0.00040718435775488615
921,45.21934959397826,1296.1700932742742,0.00040686666034162045
922,45.29619805267651,1296.0448453464205,0.00040731343324296176
923,45.17183211060056,1297.839463071077,0.00040710967732593417
924,45.23705345538626,1297.2457126691572,0.00040761439595371485
925,45.226962686403375,1299.5291842078923,0.0004072320007253438
926,45.35284379953051,1299.1419047248182,0.00040739448741078377
927,45.27218901075107,1301.5850671555218,0.0004077748744748533
928,45.170163244943254,1299.8108092372406,0.0004074829921592027
929,45.235223010937595,1301.7185014903937,0.0004075264441780746
930,45.30433459246033,1301.4121328354452,0.0004129706649109721
