,Energy RMSE,Force RMSE,Loss
2,858.2711957818304,812.5698810435106,0.17311254143714905
3,723.2925346509641,593.7380756692502,0.06232227757573128
4,512.9802643737072,652.1533681023,0.031792085617780685
5,483.3959409250167,738.8537021912787,0.02557104453444481
6,538.0243366952045,866.0817218121103,0.016378328204154968
7,578.1772390722555,1049.1118534940229,0.011191357858479023
8,545.8326547865853,1232.722152962184,0.009869735687971115
9,430.6229434052803,1324.851048464781,0.004677195101976395
10,347.22546495856113,1348.5298014275684,0.002735115122050047
11,308.83845463669775,1366.45902093015,0.0019478254253044724
12,308.62777347340307,1398.487640518574,0.0025750386994332075
13,281.52936333944336,1389.025763847294,0.004314933903515339
14,269.7370457663495,1393.8905511071832,0.009101217612624168
15,259.16516534874387,1378.7077616258505,0.004043117165565491
16,250.31172532580112,1371.1966963306402,0.0033957678824663162
17,225.91948173897637,1357.6732426360038,0.001496628625318408
18,265.87484988692154,1341.8848431671636,0.004147777333855629
19,213.3872747593627,1311.5359853747054,0.0036372814793139696
20,213.02773823921325,1319.679719501049,0.009987181052565575
21,232.0554771976595,1299.8220546702717,0.005091371014714241
22,198.4903492096136,1307.651520780773,0.00569976307451725
23,221.1046332801221,1294.416503842042,0.002228055614978075
24,195.1905024189093,1308.6842298319111,0.004419917240738869
25,209.08245058423907,1289.1064149524248,0.0026292309630662203
26,194.0986549681135,1311.2152612881264,0.008490270003676414
27,210.16976344324047,1281.3798470867505,0.007084587123245001
28,196.43742855498348,1316.9768436613576,0.01706043630838394
29,223.71432270399185,1268.9206814466083,0.010821351781487465
30,206.28958577069716,1326.5278585769013,0.015602699480950832
31,226.2303472177095,1265.6710756464643,0.006353163160383701
32,202.2594000101603,1323.888746867196,0.007357979658991098
33,210.48944349032067,1269.8005810182972,0.0026113761123269796
34,192.42670365457835,1313.4290936027016,0.003974277526140213
35,197.82208370870157,1272.7011801415665,0.0017691664397716522
36,186.3402771878923,1306.5770398716443,0.003507948247715831
37,192.80997271443115,1274.3996812955768,0.0018792967312037945
38,184.19148149067053,1303.8796196596554,0.00354701722972095
39,190.82859159975183,1274.9958789910693,0.001903575612232089
40,184.2353399006068,1303.932683884312,0.003245788626372814
41,186.98808571251342,1273.7240463164555,0.0019659108947962523
42,184.45600942419864,1305.8370305596336,0.004039375577121973
43,185.4283679078921,1270.0008528666617,0.003525934647768736
44,188.9957433135419,1309.5923975033543,0.007493348326534033
45,192.72306963029854,1264.0675005895657,0.00660058856010437
46,202.6587316773362,1314.6720843925623,0.009346308186650276
47,194.9354337431485,1257.9424363512894,0.007137207314372063
48,205.59299225676776,1315.2056282111855,0.009843915700912476
49,191.74669612945732,1255.4451140771182,0.010699745267629623
50,211.42104152339115,1307.516684543244,0.015542911365628242
51,208.83817675540254,1252.5202937955703,0.013147341087460518
52,219.85967527558745,1294.3205455366062,0.010378091596066952
53,193.17907529914285,1245.8210742982424,0.006307821720838547
54,191.0054919385099,1279.8828799255289,0.006260552443563938
55,180.85604859764675,1243.7357766886203,0.005842817481607199
56,183.67033613390802,1274.067692998711,0.005470938980579376
57,181.47569702141195,1245.5969793838685,0.002846942748874426
58,175.84463928893402,1271.6898937767337,0.0009581803460605443
59,163.63908674718593,1248.8451449809877,0.0004367395304143429
60,164.14002183104793,1271.8317762029483,0.0011704019270837307
61,163.56268710302427,1251.6966137402046,0.003942343406379223
62,175.73693092847287,1276.0188922127363,0.006253227591514587
63,185.86260128384893,1249.8493392186651,0.0019832472316920757
64,182.603552215209,1280.3243079444762,0.00045093061635270715
65,159.3764460740317,1249.3804249420286,0.0005496465601027012
66,163.76572017023886,1281.2070740922313,0.02799905836582184
67,233.25917398177165,1239.7233147524441,0.06898880004882812
68,398.2471035406443,1286.6926375614773,0.026216059923171997
69,250.12536325731935,1195.7416290938309,0.002209827769547701
70,195.8642696592287,1242.8206166353175,0.002884367946535349
71,190.29323648115937,1212.5937654380182,0.0007090111030265689
72,156.54226707855574,1257.2801347934783,0.010194886475801468
73,159.55033858732,1214.0866298244896,0.020622652024030685
74,213.642600116722,1263.4278785111585,0.010420175269246101
75,176.1793362949608,1218.0940975580236,0.005678851623088121
76,175.96440902025608,1259.7834327863015,0.0011889943853020668
77,163.29681668202514,1219.017308285376,0.0014015163760632277
78,157.69548441499037,1250.0556989027675,0.0008738989708945155
79,158.59943834057307,1227.323486349751,0.0027422078419476748
80,162.8657981741248,1248.2488291379773,0.0006717473734170198
81,155.56036295011486,1235.0885094117782,0.0014890439342707396
82,159.36516313670137,1251.4470521814053,0.0001539531658636406
83,152.8410642061457,1238.875970774954,0.0011122552677989006
84,154.07663833166566,1257.3041037710163,0.00039582245517522097
85,152.36985740861937,1239.780525859081,0.0037928633391857147
86,161.05172327799733,1263.5942411173298,0.001434799749404192
87,155.58785635640712,1237.9857320969836,0.002804433461278677
88,161.14176511567163,1267.7453965330124,0.00030686709214933217
89,149.42054257096774,1235.2506705282779,0.0013519604690372944
90,152.55440297569154,1271.2923615086115,0.000890596304088831
91,153.88441117609443,1225.9624951870169,0.004360569640994072
92,166.16372883314892,1280.770494991335,0.0006306820432655513
93,153.63059823538555,1214.415070367358,0.0008449373417533934
94,175.03353215748362,1283.0266888227402,0.009534662589430809
95,213.2292643962767,1203.2634540141325,0.0031551700085401535
96,162.1043960859142,1258.149819111665,0.017867885529994965
97,226.6493159604951,1158.0079638046827,0.020715828984975815
98,258.1080192489875,1247.78111912549,0.004669593181461096
99,155.2935126787348,1174.1142622387795,0.017175782471895218
100,258.0655009337925,1206.8317114125,0.019645925611257553
101,233.83367319771372,1175.4990245863962,0.005384928546845913
102,157.78899916363508,1205.0438589719427,0.018191225826740265
103,223.3475172879808,1162.215115870585,0.0237700417637825
104,201.21056440304378,1214.1674724800719,0.0027216500602662563
105,177.6365786410816,1178.5480430837079,0.0005554337985813618
106,164.34673736034028,1213.4427507252683,0.00203254004009068
107,147.7233574597273,1182.5938163755025,0.0005559665150940418
108,158.4372861246788,1206.4206672046216,0.0006846875185146928
109,157.6299153773705,1182.2749186683734,0.006283853203058243
110,145.9083223292788,1201.652771512411,0.0019012733828276396
111,177.49559710733183,1181.6981198120184,0.0022199612576514482
112,150.6564756320883,1197.770340988751,0.000850680167786777
113,154.81161581072408,1182.2429566682956,0.0007600091630592942
114,161.98194414436705,1201.277820148453,0.00039919844130054116
115,165.0316187266113,1182.577264234998,0.005492059979587793
116,147.7049818477926,1210.3187098708966,0.0028302061837166548
117,201.69738711160565,1187.620624354987,0.004371002782136202
118,153.95633907038658,1218.233552387338,0.000403113808715716
119,175.0409603024722,1196.60213945926,0.0007160687819123268
120,177.65273757621418,1227.2938449590645,0.0006699851946905255
121,180.5073209866584,1196.6181445506156,0.006099153310060501
122,152.51286571147637,1244.0707654860325,0.007871700450778008
123,245.31174635007676,1190.4534087402485,0.0040318844839930534
124,166.62392708804734,1253.3638814272742,0.00041132146725431085
125,175.50138934552763,1196.8571755160701,0.0008461611578240991
126,227.1728071690656,1246.42710055432,0.0005111607606522739
127,164.98064502388186,1183.565620296437,0.004368970170617104
128,156.72689897795715,1260.2301132694515,0.010169879533350468
129,245.8254921631413,1167.278411232869,0.00044532748870551586
130,174.42397666050854,1246.769875144862,0.012427952140569687
131,155.44040336662553,1189.8485405900324,0.020081698894500732
132,317.1331684027897,1200.6556513958794,0.00429703202098608
133,176.17964894269227,1133.5047664558383,0.008088602684438229
134,153.81686041898837,1226.6468723531395,0.018089070916175842
135,246.66747262784853,1121.8299129290324,0.011126874946057796
136,161.27644082817605,1202.8011208046903,0.000996974646113813
137,185.98601674559183,1174.982341953896,0.0004922150983475149
138,194.07498948066038,1196.9382014345413,0.0006253756582736969
139,159.44434520305646,1187.1913437438445,0.00022447938681580126
140,190.34699012562697,1213.5801098373095,0.00219835271127522
141,206.24497439241466,1198.9057690163575,0.0015070433728396893
142,164.61162772755745,1222.4836408942558,0.0029441460501402617
143,218.84786225528256,1206.9452821320308,0.000360825564712286
144,184.81239262157777,1222.34547739661,0.0020223665051162243
145,203.16808645325565,1208.3735328684425,0.00019231757323723286
146,179.35957938333914,1220.433469920609,0.0044228932820260525
147,215.90099348553488,1205.2032466428532,0.00022325082682073116
148,165.47097602813716,1212.4920284390334,0.001484645064920187
149,185.3214396393258,1207.5470674922406,0.002663698047399521
150,186.07073105667135,1203.589192932926,0.00022685175645165145
151,154.64920771810725,1206.960644473846,0.0009470060467720032
152,172.72922802486505,1211.4685702406196,0.0036452789790928364
153,174.36888374131468,1191.9164266686066,0.0015941220335662365
154,155.56425697785374,1227.9965930503079,0.005036636255681515
155,188.44616135364387,1184.8174373089132,0.00044641425483860075
156,161.52761850008378,1217.129692099267,0.00012476604024413973
157,160.77160777731058,1198.3828834384249,0.001293954555876553
158,169.07701251058822,1217.0456906693698,0.0004991780151613057
159,163.9571543052793,1183.7819882806407,0.00045860890531912446
160,166.62059068707427,1257.5622080124335,0.004340385552495718
161,165.30117372688247,1140.0118912688204,0.003967462107539177
162,172.63749895434864,1300.8671136194455,0.010929828509688377
163,181.49926927513653,1141.231440491227,0.0011899815872311592
164,179.66430195738337,1274.3216651897267,0.0007864683284424245
165,157.27175184673095,1195.4273775090955,0.012384556233882904
166,192.82785543085504,1237.2411577348914,0.005288373678922653
167,228.3815015062456,1204.4405890735359,0.0027420022524893284
168,166.31597479457733,1241.8099448049984,0.0017846095142886043
169,182.89510201656984,1166.022257299277,0.008733043447136879
170,224.40923317934423,1248.1898249667624,0.00565530126914382
171,163.779932209895,1162.6241854422456,0.011903354898095131
172,241.99212184653123,1194.882973968917,0.002159630646929145
173,172.3068906188705,1158.8125638284585,0.005047373007982969
174,197.3197526525947,1148.3636884971143,0.007527973502874374
175,187.97577702315627,1155.8572024084733,0.003009598236531019
176,178.84980151928949,1128.9326351890195,0.007749577984213829
177,180.06734957870074,1146.2798059753934,0.0011008819565176964
178,174.9157492263623,1143.948206765999,0.0020589246414601803
179,159.8615421968283,1150.7614804398606,0.00033044605515897274
180,160.60113252760758,1178.4089507332287,0.00039554020622745156
181,149.55224914150685,1171.6709950016852,0.0008035625796765089
182,144.02806081743316,1198.5649715657364,0.00030268539558164775
183,140.9879755772566,1181.4386591668065,0.002021107356995344
184,142.16038297790672,1185.9448427533266,0.0006913062534295022
185,142.08773734657368,1159.2400436497264,0.005581177771091461
186,152.7714313219436,1151.4119961124552,0.0018230872228741646
187,157.02370016786475,1126.3189371752342,0.009743751958012581
188,164.46943296876609,1126.84089540127,0.0013485461240634322
189,172.76344194710597,1119.494688781006,0.011229196563363075
190,158.62412843940547,1133.8807674330233,0.0013123861281201243
191,196.57956754254192,1153.1785880811765,0.009168698452413082
192,155.28568782673207,1157.874877009455,0.002554869744926691
193,216.5489928317521,1190.4898030371191,0.006277751177549362
194,159.18380666189015,1172.9301839724467,0.0024590459652245045
195,214.73250843056942,1195.9279266800604,0.003921953029930592
196,154.5901026477326,1157.6179433882746,0.0018269044812768698
197,214.38023082306452,1179.827663341909,0.0017133413348346949
198,155.63010763189547,1124.6507326219821,0.0008126306929625571
199,224.2002871343134,1174.2738506417304,0.0015237433835864067
200,166.03975618820675,1083.2630883309916,0.004887192975729704
201,213.6250316810369,1212.6841137443112,0.014783039689064026
202,187.63461622998238,1042.7647751375307,0.0033944491297006607
203,199.98039916431844,1276.1485227764672,0.0032742577604949474
204,191.00177944496227,1114.0545494444616,0.0021401369012892246
205,201.5198425304575,1212.4737164212247,0.008545011281967163
206,190.91437230380436,1143.1690331990405,0.0018460798310115933
207,177.3518513039957,1223.152388016857,0.003173172939568758
208,183.07607200931054,1159.1957032377193,0.0003573350259102881
209,165.85723346597123,1170.4366805494678,0.0025632106699049473
210,183.72312537313053,1155.1115828056581,0.0004514481988735497
211,162.07087208903778,1141.0646391479722,0.00269184447824955
212,195.42991850461564,1155.8483491193545,0.0003105205832980573
213,162.57099728535172,1126.6078003328153,0.0016601881943643093
214,190.41000617123208,1186.1444326749202,0.0009828900219872594
215,154.5847686166751,1137.0361493105838,0.001197212841361761
216,178.6243465106766,1216.7797250391636,0.0020739000756293535
217,149.60888967309435,1149.637340677289,0.0004950930015183985
218,158.28963982089837,1230.1937040292714,0.002092835959047079
219,145.37031002509084,1153.8380743731261,0.00014657464635092765
220,143.94427333673323,1214.6734383781402,0.0018126717768609524
221,147.65077112869562,1147.871800787503,0.0004805784847121686
222,147.22433041503896,1188.6983009914393,0.0011100437259301543
223,153.81082468520444,1144.479638321617,0.000613858865108341
224,155.1311326301085,1166.8045952971374,0.0004527833661995828
225,153.69305940676296,1154.1252965496813,0.000291811564238742
226,151.57838191909158,1160.412323493234,0.00029504933627322316
227,147.96413861912214,1178.1700017778078,0.0003108601085841656
228,144.95323702744392,1169.0413041359814,0.00021520419977605343
229,143.43173374834214,1200.844196546943,0.00024160882458090782
230,142.22782116731432,1172.728985515148,0.00011597159027587622
231,141.26114804004968,1204.2131593850486,0.0003546809311956167
232,146.7172076945167,1157.4038628218202,0.000765604549087584
233,146.38970645694627,1192.9814482812624,0.0007135896012187004
234,157.3028597379143,1134.8720735535462,0.0016623260453343391
235,155.63475384430876,1190.8715409561485,0.00039307199767790735
236,159.10657885463232,1127.8202010290067,0.002018847269937396
237,158.19043164977546,1216.9835536498479,0.0002404841361567378
238,152.2969619127064,1143.1301057491828,0.00242069480009377
239,163.3428251564257,1258.3451559885332,0.0010212641209363937
240,151.3549019118769,1154.4118779949079,0.0023477948270738125
241,167.63400028633802,1270.8094554654447,0.001627656864002347
242,150.13332660437595,1137.0385024670636,0.0020180935971438885
243,160.8606801613066,1253.5813455664522,0.0009156663436442614
244,150.4245464722323,1111.8333734467378,0.0010081403888761997
245,170.93866873756727,1220.1648573072423,0.0004755447735078633
246,159.79430823314135,1102.1781166366707,0.00031158310594037175
247,200.07704523506678,1219.0104925097955,0.000249848875682801
248,162.71896936281502,1107.4588705126007,0.0009964706841856241
249,233.7996435277021,1258.8281450789377,0.0004562713438645005
250,159.31532596851534,1113.7403035472414,0.002230593468993902
251,252.66763756786128,1301.056253532306,0.0005597495473921299
252,155.0495618254192,1108.10693332602,0.0021797637455165386
253,235.42356476469425,1306.2655194475403,0.0006772811757400632
254,151.54237785475559,1103.7197875069144,0.0013292995281517506
255,203.96909152043418,1277.9836411170356,0.0008309237309731543
256,155.79258862146705,1113.402106763158,0.0010126590495929122
257,190.4558401232348,1246.4052573881506,0.0010887631215155125
258,163.28684646907115,1122.2948187584373,0.0012798600364476442
259,184.6515669110815,1240.5912691279955,0.0011678074952214956
260,161.6910245279068,1137.1114891833408,0.0022033357527107
261,178.71747111560614,1245.8865956973243,0.0012222229270264506
262,156.29651440740622,1154.9395515558442,0.005018549505621195
263,175.11045872706617,1253.000920259457,0.0009253533789888024
264,156.81494978438027,1167.8689236658386,0.005594715941697359
265,164.17589494967325,1251.9982415179368,0.0006839592242613435
266,172.02239796028124,1154.0470812499013,0.002662667538970709
267,153.23450455606863,1250.0733101896985,0.0012291931780055165
268,173.55233657137904,1149.8799327698337,0.00041399989277124405
269,161.20020104902616,1243.0546904866812,0.001231493428349495
270,171.2551012111341,1149.9027522463523,0.0006873860256746411
271,170.28385222033984,1216.1265414172458,0.000896994024515152
272,173.87646931473495,1182.032541759895,0.000590378069318831
273,171.69172861574907,1212.2966988952935,0.0009906594641506672
274,170.82384602124262,1219.1180386946082,0.0005050618201494217
275,172.17340907985812,1201.9514533405807,0.0020019756630063057
276,181.07635710210317,1262.6489001367706,0.0010198955424129963
277,191.77378311647283,1188.5073155715113,0.0008125161402858794
278,191.80314232123814,1225.864509840877,0.00983258057385683
279,183.47290649347866,1063.590901351972,0.002569715492427349
280,201.75527380285746,954.4710326160113,0.034593820571899414
281,347.750435862368,1259.1437221569088,0.011732136830687523
282,197.30916245066544,1063.3323313006547,0.003700121073052287
283,233.8080971084926,1148.119099747162,0.014836480841040611
284,228.02353953745293,1191.234005771307,0.005452021025121212
285,197.42155036711375,1188.0198792975673,0.0021402090787887573
286,218.2547011900308,1133.4023911052316,0.003143697278574109
287,199.46088143091094,1189.8149277877699,0.0006181654753163457
288,197.21093367426124,1199.005957490815,0.00043390909559093416
289,187.300579654358,1211.0743712236613,0.00028589903376996517
290,181.5013242257958,1222.7352749165304,0.0004929430433548987
291,171.05162976718947,1224.5558327062565,0.0006203080993145704
292,165.75724457711001,1226.318798694818,0.0006337147788144648
293,160.5795700763474,1227.25911581252,0.0007323955651372671
294,156.30568969823065,1225.0863606141634,0.0007496154867112637
295,153.72471058700864,1224.6801017788537,0.0007567182183265686
296,151.79532665119643,1222.9958385457335,0.0007521106163039804
297,150.4781979222315,1220.588117498476,0.0007367884390987456
298,149.6362297889371,1218.2121670102692,0.0007155698258429766
299,149.08743989439014,1215.1806614970617,0.0006882811430841684
300,148.75917951338735,1212.052424924283,0.0006588603137061
301,148.5737316618893,1209.0968284174996,0.0006278399378061295
302,148.48836101436288,1206.3423016021181,0.0005957025568932295
303,148.4665263392446,1204.0967190289452,0.0005638014990836382
304,148.4843043644174,1202.3705451456544,0.0005324189551174641
305,148.52626181091182,1201.1090010877977,0.0005018259980715811
306,148.57914949070658,1200.2209817005655,0.0004722657613456249
307,148.63485868476977,1199.6364946621025,0.0004438076284714043
308,148.68847168156796,1199.3161402303106,0.000416528491768986
309,148.7352805944635,1199.2104976481455,0.0003904687473550439
310,148.77258088256374,1199.1987546597084,0.0003656529588624835
311,148.7985944067657,1199.2937521385768,0.00034207323915325105
312,148.81226210969052,1199.3337529458204,0.00031972513534128666
313,148.81304065670514,1199.4908860601147,0.0002986045437864959
314,148.80090521044147,1199.777351524268,0.0002786634140647948
315,148.7762255573578,1200.1694725303896,0.00025987066328525543
316,148.7391533353817,1200.6402865738721,0.0002421786484774202
317,148.69018361187034,1201.1516770356,0.000225556330406107
318,148.6298470427811,1201.6567169242378,0.00020995941304136068
319,148.55847674677358,1202.2225735764462,0.00019533837621565908
320,148.47757455083783,1202.850917272028,0.00018164007633458823
321,148.3878587347977,1203.530651459573,0.00016883068019524217
322,148.28940450742027,1204.2567777644927,0.000156862530275248
323,148.18325064108677,1205.0084885661659,0.0001456908939871937
324,148.06999129440723,1205.7869817631913,0.00013527649571187794
325,147.95006188210309,1206.5957068374505,0.00012557677109725773
326,147.82387997994596,1207.4247672498846,0.00011655128037091345
327,147.6918733322462,1208.268138306468,0.00010815875430125743
328,147.55475819354456,1209.1214807995536,0.00010036163439508528
329,147.4129895471408,1209.9776742077631,9.31218164623715e-05
330,147.26706394853875,1210.834541514935,8.640598389320076e-05
331,147.11740239103406,1211.6847206895843,8.01790738478303e-05
332,146.96448907218084,1212.5207154204552,7.44093704270199e-05
333,146.8090304390962,1213.3450310048152,6.906549970153719e-05
334,146.65113145228415,1214.1661193474442,6.412059155991301e-05
335,146.49169182572106,1214.983793816609,5.954443622613326e-05
336,146.33095116003562,1215.7987948721393,5.531329952646047e-05
337,146.16939241830698,1216.6098546385929,5.1402188546489924e-05
338,146.0074055754039,1217.4157857033572,4.7789035306777805e-05
339,145.84531894160423,1218.2168294397936,4.445266677066684e-05
340,145.68364146633255,1219.0118017577795,4.1374514694325626e-05
341,145.52275907402475,1219.8014841750864,3.853669477393851e-05
342,145.36309291607782,1220.5868868564748,3.591994027374312e-05
343,145.20508784294847,1221.368325522069,3.350995757500641e-05
344,145.0489147720774,1222.1468448054188,3.129218384856358e-05
345,144.89516348502215,1222.9199553107012,2.9249782528495416e-05
346,144.7440218518362,1223.6870151670967,2.7373731427360326e-05
347,144.59583121263023,1224.450067568732,2.5648407245171256e-05
348,144.45092170061793,1225.204522494846,2.4064400349743664e-05
349,144.309494212604,1225.949591741995,2.2609197912970558e-05
350,144.17176893765253,1226.6917976816994,2.1274474420351908e-05
351,144.0381362999109,1227.420705086721,2.004966518143192e-05
352,143.9087753544355,1228.1271645178854,1.8926464690594003e-05
353,143.78377849548653,1228.8054464500615,1.7896498320624232e-05
354,143.6633136058074,1229.4812161444625,1.6952129954006523e-05
355,143.547668210277,1230.154096156466,1.6086438336060382e-05
356,143.43682072887233,1230.8265320367923,1.529270230093971e-05
357,143.33103578564985,1231.4972285400595,1.4564891898771748e-05
358,143.23026993336737,1232.1172339477364,1.3896998098061886e-05
359,143.13478252644225,1232.7243996208176,1.3283450243761763e-05
360,143.04440263740506,1233.3261282517844,1.2720265658572316e-05
361,142.95936561768156,1233.922960382082,1.2202000107208733e-05
362,142.87968800112117,1234.515093231889,1.1725389413186349e-05
363,142.80535481182483,1235.1000631931354,1.1286124390608165e-05
364,142.7363188266392,1235.6834266609799,1.0881252819672227e-05
365,142.67267690218617,1236.259072746501,1.0508003470022231e-05
366,142.61444528556225,1236.8329707715109,1.0163654224015772e-05
367,142.56152086804002,1237.4022401136494,9.846506145549938e-06
368,142.51386141663596,1237.9723093732773,9.554654752719216e-06
369,142.4716497197142,1238.5368860253454,9.287352440878749e-06
370,142.43462782225873,1239.1010917882336,9.04374428500887e-06
371,142.40301529589283,1239.6603454062795,8.82351741893217e-06
372,142.37643381309607,1240.2235102009975,8.62720662553329e-06
373,142.3553031129587,1240.7765074935808,8.454833732685074e-06
374,142.33886524527625,1241.3243424775821,8.308936230605468e-06
375,142.3279540354233,1241.8615033787332,8.188709216483403e-06
376,142.32134911428582,1242.4091244131314,8.100454579107463e-06
377,142.32041247898337,1242.931805322844,8.03993043518858e-06
378,142.32339040620718,1243.4399213141965,8.021204848773777e-06
379,142.33226826379862,1243.9206222624834,8.031043762457557e-06
380,142.344423615264,1244.430824076976,8.099573278741445e-06
381,142.36306399536375,1244.895984436247,8.191345841623843e-06
382,142.3840225751073,1245.4142294738558,8.373509444936644e-06
383,142.4127507175736,1245.8572829269183,8.555028216505889e-06
384,142.44209227387194,1246.4014159641756,8.89337661647005e-06
385,142.4816645011464,1246.8060185704553,0.00018209012341685593
386,149.78351085270526,1252.3549339433823,0.00018069134966935962
387,152.62298710297466,1255.6413203255474,0.00010784405458252877
388,152.3301707093757,1254.8028924621194,6.0762715293094516e-05
389,151.2223071345347,1253.0453502553491,3.97615076508373e-05
390,150.34742910532242,1252.1827670903374,3.0115468689473346e-05
391,149.79987562180594,1252.1820923206365,2.6698711735662073e-05
392,149.55896146840598,1252.511374215551,2.5620029191486537e-05
393,149.4600293519241,1253.164396896798,2.5218558221240528e-05
394,149.44722024361724,1253.9090620736997,2.5103257939917967e-05
395,149.4952204013932,1254.582571993982,2.4985612981254235e-05
396,149.56837057260995,1255.1845550315932,2.4769165975158103e-05
397,149.65068283516248,1255.704198538821,2.4500848667230457e-05
398,149.73821145908664,1256.1347661478585,2.4219862098107114e-05
399,149.82740697664644,1256.5046673073737,2.3952934498083778e-05
400,149.9160276758537,1256.8311360330938,2.371857044636272e-05
401,150.00414570600427,1257.1236158428435,2.3523232812294737e-05
402,150.09259165943618,1257.3888502301616,2.336882971576415e-05
403,150.1819988924041,1257.6343960442655,2.3249809601111338e-05
404,150.27252663361952,1257.8639219732927,2.3158387193689123e-05
405,150.36415772579753,1258.0810933119985,2.3090684408089146e-05
406,150.45721765531758,1258.2859910680659,2.3039832740323618e-05
407,150.55159390238512,1258.4766070533635,2.300480082340073e-05
408,150.6471066155553,1258.651978099454,2.2979915229370818e-05
409,150.7436914407754,1258.8174057147628,2.2963817173149437e-05
410,150.84130450199277,1258.971849838172,2.2955260646995157e-05
411,150.9399124623538,1259.1136741553555,2.295245030836668e-05
412,151.03939427941995,1259.2460141959511,2.2954096493776888e-05
413,151.13968641514805,1259.362387380889,2.296007369295694e-05
414,151.2408193251712,1259.4666742631614,2.2969044948695228e-05
415,151.34271016079734,1259.5483683190762,2.2980884750722907e-05
416,151.44535279140064,1259.6206661204026,2.29951419896679e-05
417,151.54878143060176,1259.6869230385075,2.3010605218587443e-05
418,151.65297019161696,1259.7489286059485,2.302815846633166e-05
419,151.75782987395928,1259.8008708246477,2.3046048227115534e-05
420,151.8634614527191,1259.837012998793,2.3065429559210315e-05
421,151.96978098180736,1259.8643611301054,2.3085332941263914e-05
422,152.07683486145683,1259.8886535227246,2.310515810677316e-05
423,152.1845459484177,1259.906313649094,2.3125521693145856e-05
424,152.29293979403397,1259.9198007518858,2.3146321836975403e-05
425,152.40202419372542,1259.927773722651,2.31661724683363e-05
426,152.51154781877295,1259.9309032861715,2.3186208636616357e-05
427,152.62157831266032,1259.930977799494,2.3204716853797436e-05
428,152.73211223884687,1259.9271031008852,2.3223390599014238e-05
429,152.8432393087169,1259.8906654483496,2.324080742255319e-05
430,152.95468537008045,1259.845061011887,2.325686000403948e-05
431,153.0665765986715,1259.7967721621208,2.327211041119881e-05
432,153.17896166054922,1259.7477362199716,2.3286949726752937e-05
433,153.29189299800632,1259.699294585352,2.3301348846871406e-05
434,153.40533554227466,1259.6484661290779,2.3314692953135818e-05
435,153.51911302593925,1259.597561088685,2.332803705940023e-05
436,153.63337939542828,1259.5469521351365,2.33402824960649e-05
437,153.74808923114873,1259.496862921153,2.3351676645688713e-05
438,153.86333833307202,1259.4479643859968,2.33631617447827e-05
439,153.9794246259013,1259.3758803087796,2.337409750907682e-05
440,154.09619033776363,1259.3007355340042,2.3385113308904693e-05
441,154.2136398228774,1259.2273010401705,2.3395492462441325e-05
442,154.3314186045939,1259.15378770429,2.3404871171806008e-05
443,154.4497603184248,1259.08012094888,2.34134349739179e-05
444,154.56866713533847,1259.0076429711316,2.3421514924848452e-05
445,154.6883392055637,1258.9376217029455,2.3428632630384527e-05
446,154.80859026504214,1258.8696846736264,2.3434873583028093e-05
447,154.92939280972988,1258.8039813807013,2.344014501431957e-05
448,155.05082011334986,1258.7408105090901,2.3444627004209906e-05
449,155.17280333058878,1258.6813658373976,2.3448315914720297e-05
450,155.29531118440346,1258.6252749405392,2.3450917069567367e-05
451,155.41830918739524,1258.5717923292361,2.3453536414308473e-05
452,155.54184643172815,1258.5203215614304,2.3454234906239435e-05
453,155.66592883068208,1258.4736976721426,2.3455446353182197e-05
454,155.7906074573218,1258.424759379917,2.3455435439245775e-05
455,155.91583010010896,1258.3776097129776,2.3455957489204593e-05
456,156.04168031415205,1258.3341140707623,2.34562176046893e-05
457,156.16815418700423,1258.2998685879174,2.3457174393115565e-05
458,156.2953741159761,1258.2715165025681,2.3458291252609342e-05
459,156.42336967280423,1258.2482374706783,2.346055225643795e-05
460,156.55216281352645,1258.2302556159582,2.34635026572505e-05
461,156.6817953283053,1258.218466542689,2.3468470317311585e-05
462,156.81239382998342,1258.2134673453559,2.347452027606778e-05
463,156.94402758419298,1258.2151088750286,2.3482009055442177e-05
464,157.07676433239024,1258.222794190012,2.3491847969125956e-05
465,157.21066615309257,1258.2108558164628,2.350343856960535e-05
466,157.34574284407327,1258.1995888725276,2.3517117369920015e-05
467,157.4820799884231,1258.1952611453885,2.353300624235999e-05
468,157.6198716846007,1258.1984696341774,2.35506595345214e-05
469,157.75891889049615,1258.2092142812412,2.357002449571155e-05
470,157.89938826330487,1258.2258533800016,2.359166683163494e-05
471,158.04145289787374,1258.2502520193068,2.36142186622601e-05
472,158.18482978634842,1258.2815890271058,2.3639289793209173e-05
473,158.33001329123616,1258.3202369285907,2.3664211767027155e-05
474,158.47643577125385,1258.3664934740236,2.3692096874583513e-05
475,158.62475554452118,1258.4125245094924,2.371782284171786e-05
476,158.77438350050286,1258.4635520850054,2.374685209360905e-05
477,158.92574101403443,1258.5173376842506,2.37728345382493e-05
478,159.0783252016959,1258.5795500595214,2.3801492716302164e-05
479,159.23278193669776,1258.646160141033,2.3825148673495278e-05
480,159.38811838808607,1258.7245511413012,2.3852977392380126e-05
481,159.54551941601522,1258.8078595363575,2.3872527890489437e-05
482,159.70287791049307,1258.88452523778,2.3898357540019788e-05
483,159.86213398339902,1258.9371742701794,2.3910215531941503e-05
484,160.02111185334684,1259.004511112622,2.3935117496876046e-05
485,160.18261401563262,1259.0634185749939,2.3931845134939067e-05
486,160.3427973910301,1259.1472264677197,3.553341957740486e-05
487,169.9810458201603,1269.3831540690867,8.172351226676255e-05
488,164.64907168331627,1273.7245622612957,5.162972956895828e-05
489,167.5018660962622,1274.495150598135,5.380724178394303e-05
490,170.25019592450548,1281.5834372671022,5.8948258811142296e-05
491,171.1082793873169,1285.6746854632809,6.423777085728943e-05
492,172.11253935829106,1286.2052218065976,7.170152093749493e-05
493,172.76663356862784,1288.2654267495225,7.656012166989967e-05
494,173.7221549776887,1290.49200341749,8.1256301200483e-05
495,174.81607434523917,1292.1785261611885,8.85005429154262e-05
496,175.66731623088828,1293.952603165218,9.554845019010827e-05
497,176.5404337171432,1295.671502864664,0.00010268257756251842
498,177.45476627278518,1297.3532462408893,0.00011082323180744424
499,178.34621894251222,1299.0341855510592,0.00011975417146459222
500,179.2338632095136,1300.7410291234219,0.00012944478658027947
501,180.13462295516683,1302.4487353753648,0.00014014248154126108
502,181.0472188420044,1304.1813441671259,0.0001520495570730418
503,181.9657455335108,1305.960035129032,0.00016532998415641487
504,182.89535798898441,1307.8077353721583,0.0001802262559067458
505,183.84053300585262,1309.743721452528,0.00019706376770045608
506,184.8012036294702,1311.7832043842557,0.00021617859601974487
507,185.78150450892687,1313.926059478456,0.00023803484509699047
508,186.7858336842025,1316.194179051994,0.00026317493757233024
509,187.81504095274283,1318.5443392029067,0.000292278069537133
510,188.8708370327133,1320.9864782186855,0.0003262092359364033
511,189.95859278664594,1323.5560496372789,0.00036603352054953575
512,191.08250272544308,1326.3145332282002,0.0004131162422709167
513,192.24625696995932,1329.2700049986406,0.00046912021934986115
514,193.45786833421198,1332.416715166465,0.0005362502997741103
515,194.72910617933493,1335.7254795768736,0.0006174108712002635
516,196.0743782434825,1339.2106598459584,0.0007165191927924752
517,197.51285862840086,1342.953444931035,0.0008387514390051365
518,199.06558529005835,1347.0167850165715,0.0009910869412124157
519,200.7598257654525,1351.386325998771,0.0011826922418549657
520,202.633659873422,1355.9877978850539,0.0014264937490224838
521,204.74665220454366,1360.5518339886391,0.0017401061486452818
522,207.2004691069165,1365.0885068702044,0.0021471548825502396
523,210.16974885587848,1369.4064865850423,0.0026792408898472786
524,213.98396922103183,1373.220249844792,0.0033793170005083084
525,219.2112186504907,1376.2671575252052,0.004300556145608425
526,226.69971953056648,1378.0288340903878,0.005499823950231075
527,237.5951822191654,1377.8466491492075,0.007013670168817043
528,253.23462324055555,1374.3623083205703,0.008763253688812256
529,274.56557333552274,1368.089569622599,0.010413289070129395
530,300.8832701347056,1358.6424337292083,0.01108962669968605
531,326.650252463378,1342.3309199907892,0.009687497280538082
532,340.6064754995899,1314.6323794494676,0.006085734348744154
533,328.37465645600236,1276.5413068537746,0.0027862624265253544
534,288.4696702830361,1238.8096238773974,0.0024476165417581797
535,257.1303750462999,1180.7873132658062,0.002928231842815876
536,246.88346418903654,1204.1648226061227,0.0013295392272993922
537,232.29872821840235,1236.0046472232273,0.0017240499146282673
538,202.03082284614598,1193.5515751560363,0.002706472761929035
539,190.14400791215266,1185.7496926274455,0.002495408058166504
540,174.63531432856368,1174.9783069732744,0.002932438626885414
541,171.3805048851218,1199.4978518835574,0.0027090643998235464
542,167.1955260997451,1193.5527550161607,0.00204385444521904
543,164.95234489773367,1191.7628638477427,0.0015344751300290227
544,161.7147550543304,1201.949071053957,0.00127252540551126
545,160.4722995773206,1207.30595388054,0.0010342355817556381
546,158.94127904862907,1213.3662700457148,0.0008868097793310881
547,157.86442993906718,1217.503270107219,0.0007854254217818379
548,156.97648309336867,1221.0270698822305,0.0007026591338217258
549,156.24223224856456,1224.569632485411,0.0006336359074339271
550,155.55331499342137,1228.1641623393189,0.000576564809307456
551,154.97968491694743,1231.4743963230633,0.0005257180309854448
552,154.442538798856,1234.7880731507541,0.00048189685912802815
553,153.9682685117595,1238.0246344232196,0.00044322985922917724
554,153.5453799729612,1241.1459179516457,0.0004086462431587279
555,153.1624694485951,1244.199800975367,0.0003777389938477427
556,152.81555582938256,1247.1599052426411,0.0003498875303193927
557,152.49971565809608,1250.022991568757,0.00032459403155371547
558,152.20947378561863,1252.8263318300828,0.0003015520633198321
559,151.94247175023978,1255.5699897413192,0.0002804577525239438
560,151.69603862674845,1258.2595039789949,0.0002610781812109053
561,151.46796534889663,1260.8820049425053,0.00024322609533555806
562,151.2565271561492,1263.4411794090245,0.0002267395320814103
563,151.06019101125105,1265.94252844896,0.00021148544328752905
564,150.87750717068278,1268.3955721944496,0.00019735701789613813
565,150.70728098725485,1270.7995561144783,0.00018425573944114149
566,150.54846430386547,1273.1436971600797,0.0001720928557915613
567,150.40008516415,1275.4158854903287,0.0001607933227205649
568,150.26130588743737,1277.6276007131655,0.00015028679626993835
569,150.13137578313268,1279.783191024121,0.00014051373000256717
570,150.00956891976568,1281.8783988386244,0.00013141710951458663
571,149.89527846880927,1283.906719455331,0.0001229492190759629
572,149.78798790828074,1285.8529911202052,0.00011506202281452715
573,149.687161984561,1287.744341887709,0.00010771496454253793
574,149.59227684307962,1289.576572590985,0.0001008691979222931
575,149.50296549974092,1291.3566959957277,9.44910934776999e-05
576,149.41884429768734,1293.0842012736337,8.854756015352905e-05
577,149.33964734389258,1294.760241654635,8.300664194393903e-05
578,149.26508487588455,1296.3809613333462,7.784244371578097e-05
579,149.1948613329113,1297.8852294927212,7.302708399947733e-05
580,149.12861604257577,1299.3263416765283,6.853925151517615e-05
581,149.06607045665916,1300.7237068869276,6.435677642002702e-05
582,149.00700975086554,1302.0755192293077,6.0458085499703884e-05
583,148.95115483662516,1303.3750776421339,5.682566552422941e-05
584,148.8983178294398,1304.6299502168017,5.344062810763717e-05
585,148.84836232247548,1305.8370305596336,5.028777741244994e-05
586,148.80100750096463,1307.0069382340541,4.7351408284157515e-05
587,148.7561044806064,1308.140849482719,0.00012830788909923285
588,150.36656751144704,1310.4714235727056,9.432559454580769e-05
589,150.1873348731032,1311.0134083015175,5.60500702704303e-05
590,149.47992816310347,1313.050561612258,4.7557157813571393e-05
591,149.21348885200587,1314.7272836969385,4.8789806896820664e-05
592,149.16080274461757,1314.9525556642727,4.8634319682605565e-05
593,149.13278170903286,1314.7643437665386,4.544424882624298e-05
594,149.07996336879003,1314.7984752379625,4.1849270928651094e-05
595,149.01513929570518,1314.9819702641114,3.913734690286219e-05
596,148.95618752603846,1315.1714359226646,3.7006058846600354e-05
597,148.90403118500322,1315.3270429132792,3.5108416341245174e-05
598,148.85700098955346,1315.4508015687513,3.334294160595164e-05
599,148.8121350725117,1315.564058369821,3.172503784298897e-05
600,148.76895746594406,1315.6839415247834,3.0245373636716977e-05
601,148.72758878539105,1315.8143734066223,2.888985545723699e-05
602,148.68820962640046,1315.9498576061587,2.764473538263701e-05
603,148.65056309976896,1316.086540535861,2.649741873028688e-05
604,148.61433836737763,1316.2247784545802,2.5434275812585838e-05
605,148.57927002589526,1316.3647848290334,2.4446277166134678e-05
606,148.54531736950702,1316.5068443397124,2.3526104996562935e-05
607,148.5124633842901,1316.6513841421563,2.2667034500045702e-05
608,148.48055339646905,1316.7980469426689,2.18629720620811e-05
609,148.4495403366788,1316.9465468825601,2.1108804503455758e-05
610,148.41937122340323,1317.0968120612056,2.0400835637701675e-05
611,148.39005554242434,1317.2489131454931,1.973424878087826e-05
612,148.36151897722797,1317.4030632875108,1.9105962564935908e-05
613,148.33370911974944,1317.5590480054213,1.8513015675125644e-05
614,148.30662902463865,1317.7172228760962,1.7952683265320957e-05
615,148.2802392981036,1317.8767322667038,1.7422189557692036e-05
616,148.2545418671865,1318.038216747717,1.6919657355174422e-05
617,148.2294984722401,1318.2011058372898,1.6443043932667933e-05
618,148.2050911091905,1318.3654702254232,1.5990413885447197e-05
619,148.18131474666959,1318.5311669570365,1.5560590327368118e-05
620,148.15815231236823,1318.6981243372275,1.5151947081903927e-05
621,148.135624839831,1318.866982539384,1.4763064427825157e-05
622,148.11367262601772,1319.0373849617513,1.4392870070878416e-05
623,148.09230424720917,1319.2094733360846,1.4039925190445501e-05
624,148.07150544284593,1319.3828912241281,1.370335667161271e-05
625,148.05126954210527,1319.557709247998,1.3382564247876871e-05
626,148.03158307612202,1319.733784577694,1.3076468349026982e-05
627,148.01247037180153,1319.9114012189905,1.2784052159986459e-05
628,147.99392077313195,1320.0904874321652,1.2504962796811014e-05
629,147.97586653754408,1320.2706870798872,1.2238378985784948e-05
630,147.9583461650755,1320.4523551968086,1.198359314003028e-05
631,147.94134826914632,1320.635135735716,1.174000499304384e-05
632,147.92486556768338,1320.8191703914815,1.1507201634231023e-05
633,147.90887487698436,1321.0046718450642,1.1284590073046274e-05
634,147.89340489751598,1321.1914263036924,1.1071453627664596e-05
635,147.87840616970405,1321.379006946778,1.0867527635127772e-05
636,147.86389815735097,1321.5679106891391,1.0672497410268988e-05
637,147.8498465275081,1321.7578528520537,1.0485955499461852e-05
638,147.83628348468875,1321.9486199350774,1.0307267075404525e-05
639,147.82315959626501,1322.1402115811354,1.0136329365195706e-05
640,147.81051001163243,1322.3329824167347,9.972673979063984e-06
641,147.79828158004793,1322.5262220604284,9.81609719019616e-06
642,147.78649105660236,1322.711909971313,9.665944162406959e-06
643,147.775115367565,1322.8859332325067,9.522475011181086e-06
644,147.7641588278514,1323.0607141416485,9.385032171849161e-06
645,147.7536182792805,1323.2362523985153,9.253675671061501e-06
646,147.74349165139517,1323.4123348845483,9.127593330049422e-06
647,147.73373663097658,1323.5893869600977,9.007153494167142e-06
648,147.72437578305696,1323.7666990355083,8.891893230611458e-06
649,147.71537094981082,1323.9445546485588,8.781433280091733e-06
650,147.7067396255538,1324.122953580226,8.675686331116594e-06
651,147.69847445180395,1324.302250067983,8.574663297622465e-06
652,147.6905357858342,1324.4815931659848,8.478037671011407e-06
653,147.68297292200162,1324.6616207049615,8.385597539017908e-06
654,147.67569624559414,1324.8423324058954,8.297052772832103e-06
655,147.66875939136727,1325.023444577633,8.212384273065254e-06
656,147.6621363300219,1325.2047445266335,8.131460162985604e-06
657,147.655864333668,1325.3865863428948,8.054164936766028e-06
658,147.64987015164115,1325.568898979758,7.980054760992061e-06
659,147.64414318692224,1325.751257359549,7.909460691735148e-06
660,147.6387379184921,1325.9338738759056,7.84177791501861e-06
661,147.63359270342085,1326.116890010979,7.777305654599331e-06
662,147.6287215544074,1326.2997393223957,7.715472747804597e-06
663,147.62409732163087,1326.483058852952,7.656630259589292e-06
664,147.6197570685459,1326.6654331060497,7.600248864036985e-06
665,147.61565543160393,1326.848277579621,7.546455890405923e-06
666,147.61178723832214,1327.0308846231535,7.495205863961019e-06
667,147.60815263127586,1327.213537278268,7.4462450356804766e-06
668,147.60478509403686,1327.3962355261356,7.399549758702051e-06
669,147.6016092384868,1327.5787671986388,7.354996796493651e-06
670,147.59866450776897,1327.7614858980517,7.312394700420555e-06
671,147.59592162162062,1327.944462244137,7.271929007401923e-06
672,147.59337301296222,1328.1271306326116,7.233207725221291e-06
673,147.59100726205833,1328.309773900636,7.196303158707451e-06
674,147.58884544860058,1328.4921093873234,7.1611389103054535e-06
675,147.58685746566812,1328.674702484368,7.127692697395105e-06
676,147.58508295347156,1328.8568466015379,7.095662112988066e-06
677,147.58341690927034,1329.0390363946894,7.065134468575707e-06
678,147.58194183516892,1329.2210599578623,7.036061560938833e-06
679,147.58061569215238,1329.4026348816965,7.008294232946355e-06
680,147.57941204453596,1329.5844674477867,6.98188796377508e-06
681,147.5783607644441,1329.7660633497119,6.9564348450512625e-06
682,147.57741861669683,1329.9471403224263,6.932347787369508e-06
683,147.5766557295594,1330.1279103206148,6.909189323778264e-06
684,147.575979713831,1330.308796897372,6.887237759656273e-06
685,147.57538945245446,1330.488882702555,6.8660147007904015e-06
686,147.57493633646962,1330.6663337013767,6.845912594144465e-06
687,147.57458319130947,1330.8402338873718,6.826459411968244e-06
688,147.57430178786205,1331.0137586832532,1.588773557159584e-05
689,148.1684061327049,1331.3458615601473,1.707459887256846e-05
690,148.245397854901,1331.1682190425963,1.1734178769984283e-05
691,148.0787122958294,1331.5442797614564,9.503398359811399e-06
692,147.89938955651482,1332.2302658377193,9.082421456696466e-06
693,147.85072884891014,1332.3873331606342,9.16519456950482e-06
694,147.84263819204412,1332.2099704585512,9.155347470368724e-06
695,147.8504368093439,1332.035262377131,8.93286141945282e-06
696,147.84307669596993,1331.9780315125759,8.621679626230616e-06
697,147.82622607740785,1331.9871942547413,8.354300007340498e-06
698,147.80533737998775,1332.004885217053,8.144312232616358e-06
699,147.78809763947675,1331.999246688838,7.976892447913997e-06
700,147.77441608839882,1331.9727452865009,7.83179984864546e-06
701,147.76278778550662,1331.9413094287704,7.696777174714953e-06
702,147.75150627684582,1331.9155117356586,7.5676825872506015e-06
703,147.74008979179754,1331.8970442277046,7.444965831382433e-06
704,147.72864365318878,1331.8830172089515,7.330185326281935e-06
705,147.71739528649806,1331.8703293260494,7.223843567771837e-06
706,147.70646954715906,1331.8579232792292,7.125071988411946e-06
707,147.69590640817472,1331.8460105459671,7.0332171162590384e-06
708,147.68572789835775,1331.8352960439702,6.9468701440200675e-06
709,147.67573823843176,1331.8263437294931,6.865439900138881e-06
710,147.66591921315708,1331.8190126554994,6.788478913222207e-06
711,147.6562723715959,1331.8135848151005,6.715582458127756e-06
712,147.64677427558368,1331.809637280916,6.646564088441664e-06
713,147.63743578388502,1331.8071700661087,6.5811645981739275e-06
714,147.62823119138312,1331.8062536708735,6.5191220528504346e-06
715,147.61919490535303,1331.8070995741898,6.460093572968617e-06
716,147.61032914298877,1331.8093553137408,6.403921815945068e-06
717,147.60156635496284,1331.813514323521,6.3503980527457315e-06
718,147.5929411467366,1331.8189421642073,6.299324923020322e-06
719,147.58445903394892,1331.8263437294931,6.25069242232712e-06
720,147.57610222389536,1331.8351550631062,6.204134479048662e-06
721,147.56790826330302,1331.8459400561042,6.15965200267965e-06
722,147.55981308434463,1331.858205236122,6.117023076512851e-06
723,147.55185714071703,1331.8714571427572,6.076263616705546e-06
724,147.54402014816142,1331.8863301362535,6.0371621657395735e-06
725,147.5362968311766,1331.9030356228498,5.999690529279178e-06
726,147.5287082871032,1331.9211506183553,5.963771400274709e-06
727,147.52126321257927,1331.940604580407,5.929280632699374e-06
728,147.51394196477418,1331.9616089015828,5.896089533052873e-06
729,147.50671994915373,1331.9841635085395,5.864238119102083e-06
730,147.499640118327,1332.0081273599687,5.83353903493844e-06
731,147.49267909578765,1332.0338527794615,5.804033662570873e-06
732,147.48582822043457,1332.0611282295417,5.77566879655933e-06
733,147.47909713085554,1332.0898126610828,5.748153853346594e-06
734,147.47250673203465,1332.1198355076965,5.721832167182583e-06
735,147.46603754597223,1332.151689994787,5.69633994018659e-06
736,147.4596578551116,1332.1849531594687,5.671806320606265e-06
737,147.453408782141,1332.2195544261317,5.64810852665687e-06
738,147.44729233339666,1332.255493690516,5.625236553896684e-06
739,147.4412663911603,1332.2927708443422,5.603045337920776e-06
740,147.4353905139829,1332.3315267036678,5.5817654356360435e-06
741,147.42959653855667,1332.371761139455,5.561047601077007e-06
742,147.4239102207398,1332.4130512586523,5.5410032473446336e-06
743,147.41835846448024,1332.4558197087918,5.521683306142222e-06
744,147.41290546151237,1332.5002072580407,5.502862222783733e-06
745,147.40755652187678,1332.545931933286,5.484777375386329e-06
746,147.40230488975976,1332.5925004443586,5.467115897772601e-06
747,147.39718593013887,1332.6403353899354,5.450027401820989e-06
748,147.39218303639072,1332.6896479693792,5.433418664324563e-06
749,147.38722953727088,1332.740015363277,5.41738609172171e-06
750,147.38241227791647,1332.7915078918986,5.401818270911463e-06
751,147.37767369160534,1332.8443367360453,5.386579687183257e-06
752,147.37306061788158,1332.8984313026217,5.371841325541027e-06
753,147.3685427587258,1332.953368849789,5.3575240599457175e-06
754,147.36410892435325,1333.0096422717081,5.343506472854642e-06
755,147.35978323725286,1333.0671105486276,5.329996838554507e-06
756,147.3555349962735,1333.1258439482149,5.31668092662585e-06
757,147.3513744369999,1333.1854197890789,5.30379475094378e-06
758,147.3473402186766,1333.2460492058235,5.291195066092769e-06
759,147.34335233306868,1333.3077320547209,5.2788514040003065e-06
760,147.33945568516867,1333.370397780302,5.2668196985905524e-06
761,147.33566790465764,1333.4341166499041,5.2551758926711045e-06
762,147.33192951025114,1333.4988885125592,5.243694886303274e-06
763,147.32828446445887,1333.5645724167996,5.232419425738044e-06
764,147.32472714854947,1333.6312386233697,5.221446372161154e-06
765,147.3212597594522,1333.699027768821,5.2107207011431456e-06
766,147.31784934457423,1333.7675173521434,5.200105988478754e-06
767,147.31452132467558,1333.8371295733207,5.189753665035823e-06
768,147.31124667826353,1333.907441971105,5.179513209441211e-06
769,147.30806598794422,1333.9788063206297,5.1695024012587965e-06
770,147.30493718616813,1334.0510817063853,5.159666216059122e-06
771,147.30189435908915,1334.1238457633185,5.1498482207534835e-06
772,147.29892187693193,1334.1978020677482,5.140339908393798e-06
773,147.29596133522216,1334.2723171664618,5.130822501087096e-06
774,147.29309910464232,1334.347602038988,5.1214183258707635e-06
775,147.29029520454705,1334.4240083234897,5.1121901378792245e-06
776,147.28755392082417,1334.5004805830308,5.102976501802914e-06
777,147.2848491627767,1334.5777926078051,5.0939220272994135e-06
778,147.28220585680705,1334.6557332274976,5.084882559458492e-06
779,147.27962739261366,1334.7343726693134,5.0758540055539925e-06
780,147.2770876780338,1334.8138514760142,5.066933226771653e-06
781,147.27458375187976,1334.894099168771,5.058096576249227e-06
782,147.27211155708216,1334.9747639856953,5.049279479862889e-06
783,147.26969900993862,1335.056267773419,5.04038462167955e-06
784,147.2673510439768,1335.138047849975,5.031568889535265e-06
785,147.26499397610655,1335.2203854115019,5.022718141844962e-06
786,147.2627371042339,1335.302858510682,5.013936061004642e-06
787,147.26046692438723,1335.3863107584593,5.005014827474952e-06
788,147.25825348962132,1335.4702498814206,4.996086317987647e-06
789,147.25605713057195,1335.554886670109,7.087331596267177e-06
790,147.62761726650427,1335.6212426603086,8.235086170316208e-06
791,147.67728461449929,1335.4871214301288,6.154912625788711e-06
792,147.59827718136566,1335.6554737518236,5.356037036108319e-06
793,147.47292703951575,1336.096744327763,5.202215106692165e-06
794,147.43478583509025,1336.2267996249655,5.245910415396793e-06
795,147.42749292875715,1336.1065814756537,5.247234184935223e-06
796,147.4371135740514,1335.9576814669606,5.181932010600576e-06
797,147.43372270359166,1335.904413535543,5.063626758783357e-06
798,147.42166152805018,1335.91825778004,4.974007879354758e-06
799,147.40489857340788,1335.9479837695137,4.9070977183873765e-06
800,147.39154274967305,1335.9559949159398,4.855131919612177e-06
801,147.38177806988662,1335.9422916099654,4.807571713172365e-06
802,147.37425000022606,1335.9213498759618,4.762579010275658e-06
803,147.36673764673117,1335.9057487734972,4.718772288470063e-06
804,147.3586876351823,1335.8979481539416,4.67734162157285e-06
805,147.35021047975926,1335.8949965562856,4.63846208731411e-06
806,147.34180984448457,1335.892888268253,4.602158242050791e-06
807,147.3337794289641,1335.8899366594171,4.5681558731303085e-06
808,147.32616372606958,1335.8861417241887,4.53608436146169e-06
809,147.31882088348326,1335.882838716234,4.505702236201614e-06
810,147.3116559196915,1335.880660132049,4.47680849902099e-06
811,147.30458762598715,1335.8798168081848,4.449316747923149e-06
812,147.29755581561037,1335.8800979161986,4.4230669118405785e-06
813,147.29063488921884,1335.8810115168349,4.3979657675663475e-06
814,147.28379717451463,1335.88297926993,4.374034688225947e-06
815,147.27709161228964,1335.885509233936,4.351137249614112e-06
816,147.27050073976636,1335.8888122352882,4.329196144681191e-06
817,147.26401281833375,1335.892888268253,4.308175903133815e-06
818,147.25759837568165,1335.8978778778826,4.28795647167135e-06
819,147.25128556374528,1335.9036405024333,4.268571956345113e-06
820,147.2450639849851,1335.910386958126,4.249852736393223e-06
821,147.23887975262792,1335.9177658550288,4.231908405927243e-06
822,147.23279633658083,1335.9259177318418,4.214569798932644e-06
823,147.22681205553883,1335.9351939449482,4.1978751141869e-06
824,147.22090310776994,1335.9451728295583,4.181795702606905e-06
825,147.21506387249465,1335.9559246429342,4.166276085015852e-06
826,147.20929919090182,1335.9675196388148,4.151283064857125e-06
827,147.2036152501204,1335.9798172517517,4.136684765398968e-06
828,147.19801021588748,1335.99316881763,4.122714926779736e-06
829,147.1924259962048,1336.00729322366,4.1089820115303155e-06
830,147.186955877484,1336.0220499062787,4.095787971891696e-06
831,147.18155711571225,1336.0375793819678,4.0830473153619096e-06
832,147.17622463558894,1336.0538816237802,4.070501745445654e-06
833,147.17095869350194,1336.0708863364696,4.058450485899812e-06
834,147.1657667225125,1336.0888745573027,4.046696631121449e-06
835,147.16065306653957,1336.1076354514892,4.035303845739691e-06
836,147.15556794176533,1336.1270987224777,4.024182999273762e-06
837,147.1505891818228,1336.1474048654559,4.013405032310402e-06
838,147.1456430515624,1336.1684835801686,4.002774403488729e-06
839,147.14077384320194,1336.190405090731,3.992434812971624e-06
840,147.1359675818825,1336.2129585772109,3.982406269642524e-06
841,147.13121884011417,1336.2364952989146,3.972483227698831e-06
842,147.12656436414295,1336.2607341760051,3.962834853155073e-06
843,147.1219389549116,1336.2856049146055,3.953423856728477e-06
844,147.11739458876352,1336.3113884967233,3.944153831980657e-06
845,147.11290990979253,1336.3379443636916,3.935051609005313e-06
846,147.10846575313795,1336.3649914635143,3.926196768588852e-06
847,147.1040827891441,1336.392881016563,3.917421054211445e-06
848,147.09977179320055,1336.4215427215731,3.908855433110148e-06
849,147.09551262731495,1336.4508360349048,3.900408501067432e-06
850,147.0913162161194,1336.4809716512436,3.892040240316419e-06
851,147.08717782780946,1336.5116685384958,3.883908448187867e-06
852,147.0830937273035,1336.5430671422694,3.875780748785473e-06
853,147.07903215335864,1336.5752376535577,3.867763552989345e-06
854,147.07506666480165,1336.6080395391873,3.85994826501701e-06
855,147.0711451548011,1336.6417537005066,3.852167537843343e-06
856,147.06726398623658,1336.675958657635,3.844516413664678e-06
857,147.06342450887485,1336.7110757728085,3.836899850284681e-06
858,147.05966709926128,1336.7464728912562,3.8293469515338074e-06
859,147.05592400769308,1336.7828522862865,3.8219291127461474e-06
860,147.05226099790133,1336.8198627397906,3.814513547695242e-06
861,147.04867226507622,1336.8574339737395,3.807186658377759e-06
862,147.0450871357325,1336.8957766116846,3.799806790993898e-06
863,147.04153563818898,1336.9347501441475,3.7925835840724176e-06
864,147.03806458883062,1336.974143857507,3.7854561014682986e-06
865,147.0345919610459,1337.0143088015632,3.7781437640660442e-06
866,147.0312295697103,1337.0548938306215,3.770969897232135e-06
867,147.0279000256571,1337.0964606110654,3.76388561562635e-06
868,147.02458118163008,1337.1383771537135,3.7567967865470564e-06
869,147.0213217284091,1337.180924260222,3.749623374460498e-06
870,147.01809131283198,1337.224031664037,3.742579565368942e-06
871,147.01490061317108,1337.2678397191157,3.7355005133576924e-06
872,147.01177248190143,1337.3123483566012,3.7284407881088555e-06
873,147.0086779858723,1337.357066110957,3.721293978742324e-06
874,147.0056140588084,1337.4026247342777,3.7143290683161467e-06
875,147.0025731936185,1337.4486731678076,3.7071854421810713e-06
876,146.99955960783853,1337.4950709766847,3.7000647807872156e-06
877,146.99660321564073,1337.5421690729354,3.6929650377715006e-06
878,146.99368643188248,1337.589827008259,3.6858127714367583e-06
879,146.9907984311205,1337.6378341688905,3.6786289001611294e-06
880,146.98793432498138,1337.6866817919154,3.6713604458782356e-06
881,146.9851216095605,1337.73594870833,3.6641692986449925e-06
882,146.98234002817648,1337.7857752255895,3.656858325484791e-06
883,146.97956208686347,1337.8362314554106,3.649504606073606e-06
884,146.9768340953027,1337.886755953948,3.6420869946596213e-06
885,146.97414198352942,1337.9381205715429,3.6347173590911552e-06
886,146.97145945396818,1337.989974380605,3.627224032243248e-06
887,146.9687963634156,1338.04217699739,3.6196772725816118e-06
888,146.96614006173905,1338.0949388631075,3.612091404647799e-06
889,146.96353993224946,1338.1481897537276,3.604429366532713e-06
890,146.96094537138865,1338.201719145666,3.99985083276988e-06
